[2025-05-21 10:45:05] local.INFO: Student_id from the studentFeesPaymentPageOpen:  ["27"] 
[2025-05-21 10:45:08] local.INFO: In the studentPayFeesSubmit controller form  
[2025-05-21 10:45:08] local.INFO: PR20250002  
[2025-05-21 10:45:08] local.INFO: studentPayFeesSubmit Data:  {"fees_structure_id":"19","student_id":"27","total_amount":"57000.00","payment_date":"2025-05-21","reciept_number":"PR20250002"} 
[2025-05-21 10:45:08] local.INFO: In the studentPayFeesSubmit controller form: Exception  
[2025-05-21 10:45:08] local.ERROR: studentPayFeesSubmit failed {"error_message":"Undefined array key \"late_fine\""} 
[2025-05-21 10:45:08] local.INFO: Student_id from the studentFeesPaymentPageOpen:  ["27"] 
[2025-05-21 10:47:37] local.INFO: Student_id from the studentFeesPaymentPageOpen:  ["27"] 
[2025-05-21 10:47:39] local.INFO: In the studentPayFeesSubmit controller form  
[2025-05-21 10:47:39] local.INFO: PR20250002  
[2025-05-21 10:47:39] local.INFO: studentPayFeesSubmit Data:  {"fees_structure_id":"19","student_id":"27","total_amount":"57000.00","late_fine":"0","payment_date":"2025-05-21","reciept_number":"PR20250002"} 
[2025-05-21 10:47:39] local.INFO: Student_id from the studentFeesPaymentPageOpen:  ["27"] 
[2025-05-21 10:47:41] local.INFO: In the downloadFeesRecieptt controller form  
[2025-05-21 10:47:41] local.INFO: In the downloadFeesRecieptt controller form student_id: [27] 
[2025-05-21 10:47:41] local.INFO: Validated data from the controller:  {"fees_structure_id":"19","student_id":"27"} 
[2025-05-21 10:47:41] local.INFO: Validated data:  {"fees_structure_id":"19","student_id":"27"} 
[2025-05-21 10:47:46] local.INFO: In the downloadFeesRecieptt controller form  
[2025-05-21 10:47:46] local.INFO: In the downloadFeesRecieptt controller form student_id: [27] 
[2025-05-21 10:47:46] local.INFO: Validated data from the controller:  {"fees_structure_id":"17","student_id":"27"} 
[2025-05-21 10:47:46] local.INFO: Validated data:  {"fees_structure_id":"17","student_id":"27"} 
[2025-05-21 10:47:58] local.INFO: Student_id from the studentFeesPaymentPageOpen:  ["27"] 
[2025-05-21 10:48:01] local.INFO: In the studentPayFeesSubmit controller form  
[2025-05-21 10:48:01] local.INFO: PR20250003  
[2025-05-21 10:48:01] local.INFO: studentPayFeesSubmit Data:  {"fees_structure_id":"17","student_id":"27","total_amount":"57000.00","late_fine":"0","payment_date":"2025-05-21","reciept_number":"PR20250003"} 
[2025-05-21 10:48:01] local.INFO: Student_id from the studentFeesPaymentPageOpen:  ["27"] 
[2025-05-21 10:48:03] local.INFO: In the downloadFeesRecieptt controller form  
[2025-05-21 10:48:03] local.INFO: In the downloadFeesRecieptt controller form student_id: [27] 
[2025-05-21 10:48:04] local.INFO: Validated data from the controller:  {"fees_structure_id":"17","student_id":"27"} 
[2025-05-21 10:48:04] local.INFO: Validated data:  {"fees_structure_id":"17","student_id":"27"} 
[2025-05-21 11:02:16] local.INFO: Student_id from the studentFeesPaymentPageOpen:  ["27"] 
[2025-05-21 11:03:08] local.INFO: Student_id from the studentFeesPaymentPageOpen:  ["27"] 
[2025-05-21 11:03:11] local.INFO: In the studentPayFeesSubmit controller form  
[2025-05-21 11:03:11] local.INFO: PR20250001  
[2025-05-21 11:03:11] local.INFO: studentPayFeesSubmit Data:  {"fees_structure_id":"19","student_id":"27","total_amount":"57000.00","late_fine":"0","payment_date":"2025-05-21","reciept_number":"PR20250001"} 
[2025-05-21 11:03:12] local.INFO: Student_id from the studentFeesPaymentPageOpen:  ["27"] 
[2025-05-21 11:03:15] local.INFO: In the downloadFeesRecieptt controller form  
[2025-05-21 11:03:15] local.INFO: In the downloadFeesRecieptt controller form student_id: [27] 
[2025-05-21 11:03:15] local.INFO: Validated data from the controller:  {"fees_structure_id":"19","student_id":"27"} 
[2025-05-21 11:03:15] local.INFO: Validated data:  {"fees_structure_id":"19","student_id":"27"} 
[2025-05-21 11:03:21] local.INFO: In the studentPayFeesSubmit controller form  
[2025-05-21 11:03:21] local.INFO: PR20250002  
[2025-05-21 11:03:21] local.INFO: studentPayFeesSubmit Data:  {"fees_structure_id":"25","student_id":"27","total_amount":"77000.00","late_fine":"0","payment_date":"2025-05-21","reciept_number":"PR20250002"} 
[2025-05-21 11:03:22] local.INFO: Student_id from the studentFeesPaymentPageOpen:  ["27"] 
[2025-05-21 11:03:25] local.INFO: In the downloadFeesRecieptt controller form  
[2025-05-21 11:03:25] local.INFO: In the downloadFeesRecieptt controller form student_id: [27] 
[2025-05-21 11:03:25] local.INFO: Validated data from the controller:  {"fees_structure_id":"25","student_id":"27"} 
[2025-05-21 11:03:25] local.INFO: Validated data:  {"fees_structure_id":"25","student_id":"27"} 
[2025-05-21 11:03:43] local.INFO: Student_id from the studentFeesPaymentPageOpen:  ["27"] 
[2025-05-21 11:05:04] local.INFO: In the adminPaymentScheduleUpdateForm controller function  
[2025-05-21 11:05:04] local.INFO: From the model schedulwPAyemnt  
[2025-05-21 11:05:04] local.INFO: fees_structure_id:  ["23"] 
[2025-05-21 11:05:08] local.INFO: Student_id from the studentFeesPaymentPageOpen:  ["27"] 
[2025-05-21 11:06:02] local.INFO: In the adminPaymentScheduleUpdateForm controller function  
[2025-05-21 11:06:02] local.INFO: From the model schedulwPAyemnt  
[2025-05-21 11:06:02] local.INFO: fees_structure_id:  ["23"] 
[2025-05-21 11:06:02] local.INFO: Not updated:  [false] 
[2025-05-21 11:06:11] local.INFO: Student_id from the studentFeesPaymentPageOpen:  ["27"] 
[2025-05-21 11:06:46] local.INFO: Student_id from the studentFeesPaymentPageOpen:  ["27"] 
[2025-05-21 11:06:46] local.ERROR: Undefined variable $days_late {"view":{"view":"C:\\xampp\\htdocs\\Laravel\\student_registration\\resources\\views\\student\\feesPaymentPanel.blade.php","data":{"errors":"<pre class=sf-dump id=sf-dump-337651760 data-indent-pad=\"  \"><span class=sf-dump-note>Illuminate\\Support\\ViewErrorBag</span> {<a class=sf-dump-ref>#387</a><samp data-depth=1 class=sf-dump-expanded>
  #<span class=sf-dump-protected title=\"Protected property\">bags</span>: []
</samp>}
</pre><script>Sfdump(\"sf-dump-337651760\", {\"maxDepth\":3,\"maxStringLength\":160})</script>
","title":"<pre class=sf-dump id=sf-dump-1343518833 data-indent-pad=\"  \">\"<span class=sf-dump-str title=\"12 characters\">Fees Payment</span>\"
</pre><script>Sfdump(\"sf-dump-1343518833\", {\"maxDepth\":3,\"maxStringLength\":160})</script>
","fees_schedule":"<pre class=sf-dump id=sf-dump-49530030 data-indent-pad=\"  \"><span class=sf-dump-note>Illuminate\\Support\\Collection</span> {<a class=sf-dump-ref>#429</a><samp data-depth=1 class=sf-dump-expanded>
  #<span class=sf-dump-protected title=\"Protected property\">items</span>: <span class=sf-dump-note>array:8</span> [<samp data-depth=2 class=sf-dump-compact>
    <span class=sf-dump-index>0</span> => {<a class=sf-dump-ref>#426</a><samp data-depth=3 class=sf-dump-compact>
      +\"<span class=sf-dump-public title=\"Runtime added dynamic property\">fees_payment_schedule_id</span>\": <span class=sf-dump-num>12</span>
      +\"<span class=sf-dump-public title=\"Runtime added dynamic property\">start_date</span>\": \"<span class=sf-dump-str title=\"10 characters\">2025-05-19</span>\"
      +\"<span class=sf-dump-public title=\"Runtime added dynamic property\">end_date</span>\": \"<span class=sf-dump-str title=\"10 characters\">2025-05-26</span>\"
      +\"<span class=sf-dump-public title=\"Runtime added dynamic property\">extended_date</span>\": <span class=sf-dump-const>null</span>
      +\"<span class=sf-dump-public title=\"Runtime added dynamic property\">late_fine</span>\": <span class=sf-dump-const>null</span>
      +\"<span class=sf-dump-public title=\"Runtime added dynamic property\">fees_structure_id</span>\": <span class=sf-dump-num>17</span>
      +\"<span class=sf-dump-public title=\"Runtime added dynamic property\">academic_id</span>\": <span class=sf-dump-num>1</span>
      +\"<span class=sf-dump-public title=\"Runtime added dynamic property\">course_id</span>\": <span class=sf-dump-num>1</span>
      +\"<span class=sf-dump-public title=\"Runtime added dynamic property\">semester_id</span>\": <span class=sf-dump-num>1</span>
      +\"<span class=sf-dump-public title=\"Runtime added dynamic property\">semester_name</span>\": \"<span class=sf-dump-str title=\"3 characters\">1st</span>\"
      +\"<span class=sf-dump-public title=\"Runtime added dynamic property\">total_amount</span>\": \"<span class=sf-dump-str title=\"8 characters\">57000.00</span>\"
      +\"<span class=sf-dump-public title=\"Runtime added dynamic property\">payment_table_id</span>\": <span class=sf-dump-const>null</span>
    </samp>}
    <span class=sf-dump-index>1</span> => {<a class=sf-dump-ref>#437</a><samp data-depth=3 class=sf-dump-compact>
      +\"<span class=sf-dump-public title=\"Runtime added dynamic property\">fees_payment_schedule_id</span>\": <span class=sf-dump-num>11</span>
      +\"<span class=sf-dump-public title=\"Runtime added dynamic property\">start_date</span>\": \"<span class=sf-dump-str title=\"10 characters\">2025-05-21</span>\"
      +\"<span class=sf-dump-public title=\"Runtime added dynamic property\">end_date</span>\": \"<span class=sf-dump-str title=\"10 characters\">2025-05-28</span>\"
      +\"<span class=sf-dump-public title=\"Runtime added dynamic property\">extended_date</span>\": <span class=sf-dump-const>null</span>
      +\"<span class=sf-dump-public title=\"Runtime added dynamic property\">late_fine</span>\": \"<span class=sf-dump-str title=\"4 characters\">0.00</span>\"
      +\"<span class=sf-dump-public title=\"Runtime added dynamic property\">fees_structure_id</span>\": <span class=sf-dump-num>19</span>
      +\"<span class=sf-dump-public title=\"Runtime added dynamic property\">academic_id</span>\": <span class=sf-dump-num>1</span>
      +\"<span class=sf-dump-public title=\"Runtime added dynamic property\">course_id</span>\": <span class=sf-dump-num>1</span>
      +\"<span class=sf-dump-public title=\"Runtime added dynamic property\">semester_id</span>\": <span class=sf-dump-num>2</span>
      +\"<span class=sf-dump-public title=\"Runtime added dynamic property\">semester_name</span>\": \"<span class=sf-dump-str title=\"3 characters\">2nd</span>\"
      +\"<span class=sf-dump-public title=\"Runtime added dynamic property\">total_amount</span>\": \"<span class=sf-dump-str title=\"8 characters\">57000.00</span>\"
      +\"<span class=sf-dump-public title=\"Runtime added dynamic property\">payment_table_id</span>\": <span class=sf-dump-const>null</span>
    </samp>}
    <span class=sf-dump-index>2</span> => {<a class=sf-dump-ref>#443</a><samp data-depth=3 class=sf-dump-compact>
      +\"<span class=sf-dump-public title=\"Runtime added dynamic property\">fees_payment_schedule_id</span>\": <span class=sf-dump-num>14</span>
      +\"<span class=sf-dump-public title=\"Runtime added dynamic property\">start_date</span>\": \"<span class=sf-dump-str title=\"10 characters\">2025-04-01</span>\"
      +\"<span class=sf-dump-public title=\"Runtime added dynamic property\">end_date</span>\": \"<span class=sf-dump-str title=\"10 characters\">2025-05-08</span>\"
      +\"<span class=sf-dump-public title=\"Runtime added dynamic property\">extended_date</span>\": \"<span class=sf-dump-str title=\"10 characters\">2025-05-10</span>\"
      +\"<span class=sf-dump-public title=\"Runtime added dynamic property\">late_fine</span>\": \"<span class=sf-dump-str title=\"5 characters\">10.00</span>\"
      +\"<span class=sf-dump-public title=\"Runtime added dynamic property\">fees_structure_id</span>\": <span class=sf-dump-num>23</span>
      +\"<span class=sf-dump-public title=\"Runtime added dynamic property\">academic_id</span>\": <span class=sf-dump-num>1</span>
      +\"<span class=sf-dump-public title=\"Runtime added dynamic property\">course_id</span>\": <span class=sf-dump-num>1</span>
      +\"<span class=sf-dump-public title=\"Runtime added dynamic property\">semester_id</span>\": <span class=sf-dump-num>3</span>
      +\"<span class=sf-dump-public title=\"Runtime added dynamic property\">semester_name</span>\": \"<span class=sf-dump-str title=\"3 characters\">3rd</span>\"
      +\"<span class=sf-dump-public title=\"Runtime added dynamic property\">total_amount</span>\": \"<span class=sf-dump-str title=\"8 characters\">77000.00</span>\"
      +\"<span class=sf-dump-public title=\"Runtime added dynamic property\">payment_table_id</span>\": <span class=sf-dump-const>null</span>
    </samp>}
    <span class=sf-dump-index>3</span> => {<a class=sf-dump-ref>#438</a><samp data-depth=3 class=sf-dump-compact>
      +\"<span class=sf-dump-public title=\"Runtime added dynamic property\">fees_payment_schedule_id</span>\": <span class=sf-dump-num>15</span>
      +\"<span class=sf-dump-public title=\"Runtime added dynamic property\">start_date</span>\": \"<span class=sf-dump-str title=\"10 characters\">2025-05-21</span>\"
      +\"<span class=sf-dump-public title=\"Runtime added dynamic property\">end_date</span>\": \"<span class=sf-dump-str title=\"10 characters\">2025-05-27</span>\"
      +\"<span class=sf-dump-public title=\"Runtime added dynamic property\">extended_date</span>\": <span class=sf-dump-const>null</span>
      +\"<span class=sf-dump-public title=\"Runtime added dynamic property\">late_fine</span>\": <span class=sf-dump-const>null</span>
      +\"<span class=sf-dump-public title=\"Runtime added dynamic property\">fees_structure_id</span>\": <span class=sf-dump-num>24</span>
      +\"<span class=sf-dump-public title=\"Runtime added dynamic property\">academic_id</span>\": <span class=sf-dump-num>1</span>
      +\"<span class=sf-dump-public title=\"Runtime added dynamic property\">course_id</span>\": <span class=sf-dump-num>1</span>
      +\"<span class=sf-dump-public title=\"Runtime added dynamic property\">semester_id</span>\": <span class=sf-dump-num>4</span>
      +\"<span class=sf-dump-public title=\"Runtime added dynamic property\">semester_name</span>\": \"<span class=sf-dump-str title=\"3 characters\">4th</span>\"
      +\"<span class=sf-dump-public title=\"Runtime added dynamic property\">total_amount</span>\": \"<span class=sf-dump-str title=\"8 characters\">77000.00</span>\"
      +\"<span class=sf-dump-public title=\"Runtime added dynamic property\">payment_table_id</span>\": <span class=sf-dump-const>null</span>
    </samp>}
    <span class=sf-dump-index>4</span> => {<a class=sf-dump-ref>#439</a><samp data-depth=3 class=sf-dump-compact>
      +\"<span class=sf-dump-public title=\"Runtime added dynamic property\">fees_payment_schedule_id</span>\": <span class=sf-dump-num>16</span>
      +\"<span class=sf-dump-public title=\"Runtime added dynamic property\">start_date</span>\": \"<span class=sf-dump-str title=\"10 characters\">2025-05-21</span>\"
      +\"<span class=sf-dump-public title=\"Runtime added dynamic property\">end_date</span>\": \"<span class=sf-dump-str title=\"10 characters\">2025-05-28</span>\"
      +\"<span class=sf-dump-public title=\"Runtime added dynamic property\">extended_date</span>\": <span class=sf-dump-const>null</span>
      +\"<span class=sf-dump-public title=\"Runtime added dynamic property\">late_fine</span>\": <span class=sf-dump-const>null</span>
      +\"<span class=sf-dump-public title=\"Runtime added dynamic property\">fees_structure_id</span>\": <span class=sf-dump-num>25</span>
      +\"<span class=sf-dump-public title=\"Runtime added dynamic property\">academic_id</span>\": <span class=sf-dump-num>1</span>
      +\"<span class=sf-dump-public title=\"Runtime added dynamic property\">course_id</span>\": <span class=sf-dump-num>1</span>
      +\"<span class=sf-dump-public title=\"Runtime added dynamic property\">semester_id</span>\": <span class=sf-dump-num>5</span>
      +\"<span class=sf-dump-public title=\"Runtime added dynamic property\">semester_name</span>\": \"<span class=sf-dump-str title=\"3 characters\">5th</span>\"
      +\"<span class=sf-dump-public title=\"Runtime added dynamic property\">total_amount</span>\": \"<span class=sf-dump-str title=\"8 characters\">77000.00</span>\"
      +\"<span class=sf-dump-public title=\"Runtime added dynamic property\">payment_table_id</span>\": <span class=sf-dump-const>null</span>
    </samp>}
    <span class=sf-dump-index>5</span> => {<a class=sf-dump-ref>#441</a><samp data-depth=3 class=sf-dump-compact>
      +\"<span class=sf-dump-public title=\"Runtime added dynamic property\">fees_payment_schedule_id</span>\": <span class=sf-dump-num>17</span>
      +\"<span class=sf-dump-public title=\"Runtime added dynamic property\">start_date</span>\": \"<span class=sf-dump-str title=\"10 characters\">2025-05-21</span>\"
      +\"<span class=sf-dump-public title=\"Runtime added dynamic property\">end_date</span>\": \"<span class=sf-dump-str title=\"10 characters\">2025-05-28</span>\"
      +\"<span class=sf-dump-public title=\"Runtime added dynamic property\">extended_date</span>\": <span class=sf-dump-const>null</span>
      +\"<span class=sf-dump-public title=\"Runtime added dynamic property\">late_fine</span>\": <span class=sf-dump-const>null</span>
      +\"<span class=sf-dump-public title=\"Runtime added dynamic property\">fees_structure_id</span>\": <span class=sf-dump-num>28</span>
      +\"<span class=sf-dump-public title=\"Runtime added dynamic property\">academic_id</span>\": <span class=sf-dump-num>1</span>
      +\"<span class=sf-dump-public title=\"Runtime added dynamic property\">course_id</span>\": <span class=sf-dump-num>1</span>
      +\"<span class=sf-dump-public title=\"Runtime added dynamic property\">semester_id</span>\": <span class=sf-dump-num>6</span>
      +\"<span class=sf-dump-public title=\"Runtime added dynamic property\">semester_name</span>\": \"<span class=sf-dump-str title=\"3 characters\">6th</span>\"
      +\"<span class=sf-dump-public title=\"Runtime added dynamic property\">total_amount</span>\": \"<span class=sf-dump-str title=\"8 characters\">77000.00</span>\"
      +\"<span class=sf-dump-public title=\"Runtime added dynamic property\">payment_table_id</span>\": <span class=sf-dump-const>null</span>
    </samp>}
    <span class=sf-dump-index>6</span> => {<a class=sf-dump-ref>#442</a><samp data-depth=3 class=sf-dump-compact>
      +\"<span class=sf-dump-public title=\"Runtime added dynamic property\">fees_payment_schedule_id</span>\": <span class=sf-dump-num>18</span>
      +\"<span class=sf-dump-public title=\"Runtime added dynamic property\">start_date</span>\": \"<span class=sf-dump-str title=\"10 characters\">2025-05-21</span>\"
      +\"<span class=sf-dump-public title=\"Runtime added dynamic property\">end_date</span>\": \"<span class=sf-dump-str title=\"10 characters\">2025-05-28</span>\"
      +\"<span class=sf-dump-public title=\"Runtime added dynamic property\">extended_date</span>\": <span class=sf-dump-const>null</span>
      +\"<span class=sf-dump-public title=\"Runtime added dynamic property\">late_fine</span>\": <span class=sf-dump-const>null</span>
      +\"<span class=sf-dump-public title=\"Runtime added dynamic property\">fees_structure_id</span>\": <span class=sf-dump-num>26</span>
      +\"<span class=sf-dump-public title=\"Runtime added dynamic property\">academic_id</span>\": <span class=sf-dump-num>1</span>
      +\"<span class=sf-dump-public title=\"Runtime added dynamic property\">course_id</span>\": <span class=sf-dump-num>1</span>
      +\"<span class=sf-dump-public title=\"Runtime added dynamic property\">semester_id</span>\": <span class=sf-dump-num>7</span>
      +\"<span class=sf-dump-public title=\"Runtime added dynamic property\">semester_name</span>\": \"<span class=sf-dump-str title=\"3 characters\">7th</span>\"
      +\"<span class=sf-dump-public title=\"Runtime added dynamic property\">total_amount</span>\": \"<span class=sf-dump-str title=\"8 characters\">68000.00</span>\"
      +\"<span class=sf-dump-public title=\"Runtime added dynamic property\">payment_table_id</span>\": <span class=sf-dump-const>null</span>
    </samp>}
    <span class=sf-dump-index>7</span> => {<a class=sf-dump-ref>#444</a><samp data-depth=3 class=sf-dump-compact>
      +\"<span class=sf-dump-public title=\"Runtime added dynamic property\">fees_payment_schedule_id</span>\": <span class=sf-dump-num>19</span>
      +\"<span class=sf-dump-public title=\"Runtime added dynamic property\">start_date</span>\": \"<span class=sf-dump-str title=\"10 characters\">2025-05-21</span>\"
      +\"<span class=sf-dump-public title=\"Runtime added dynamic property\">end_date</span>\": \"<span class=sf-dump-str title=\"10 characters\">2025-05-27</span>\"
      +\"<span class=sf-dump-public title=\"Runtime added dynamic property\">extended_date</span>\": <span class=sf-dump-const>null</span>
      +\"<span class=sf-dump-public title=\"Runtime added dynamic property\">late_fine</span>\": <span class=sf-dump-const>null</span>
      +\"<span class=sf-dump-public title=\"Runtime added dynamic property\">fees_structure_id</span>\": <span class=sf-dump-num>27</span>
      +\"<span class=sf-dump-public title=\"Runtime added dynamic property\">academic_id</span>\": <span class=sf-dump-num>1</span>
      +\"<span class=sf-dump-public title=\"Runtime added dynamic property\">course_id</span>\": <span class=sf-dump-num>1</span>
      +\"<span class=sf-dump-public title=\"Runtime added dynamic property\">semester_id</span>\": <span class=sf-dump-num>8</span>
      +\"<span class=sf-dump-public title=\"Runtime added dynamic property\">semester_name</span>\": \"<span class=sf-dump-str title=\"3 characters\">8th</span>\"
      +\"<span class=sf-dump-public title=\"Runtime added dynamic property\">total_amount</span>\": \"<span class=sf-dump-str title=\"8 characters\">77000.00</span>\"
      +\"<span class=sf-dump-public title=\"Runtime added dynamic property\">payment_table_id</span>\": <span class=sf-dump-const>null</span>
    </samp>}
  </samp>]
  #<span class=sf-dump-protected title=\"Protected property\">escapeWhenCastingToString</span>: <span class=sf-dump-const>false</span>
</samp>}
</pre><script>Sfdump(\"sf-dump-49530030\", {\"maxDepth\":3,\"maxStringLength\":160})</script>
","student_id":"<pre class=sf-dump id=sf-dump-2140773526 data-indent-pad=\"  \">\"<span class=sf-dump-str title=\"2 characters\">27</span>\"
</pre><script>Sfdump(\"sf-dump-2140773526\", {\"maxDepth\":3,\"maxStringLength\":160})</script>
"}},"exception":"[object] (Spatie\\LaravelIgnition\\Exceptions\\ViewException(code: 0): Undefined variable $days_late at C:\\xampp\\htdocs\\Laravel\\student_registration\\resources\\views\\student\\feesPaymentPanel.blade.php:50)
[stacktrace]
#0 C:\\xampp\\htdocs\\Laravel\\student_registration\\vendor\\laravel\\framework\\src\\Illuminate\\Foundation\\Bootstrap\\HandleExceptions.php(272): Illuminate\\Foundation\\Bootstrap\\HandleExceptions->handleError(2, 'Undefined varia...', 'C:\\\\xampp\\\\htdocs...', 50)
#1 C:\\xampp\\htdocs\\Laravel\\student_registration\\resources\\views\\student\\feesPaymentPanel.blade.php(50): Illuminate\\Foundation\\Bootstrap\\HandleExceptions->Illuminate\\Foundation\\Bootstrap\\{closure}(2, 'Undefined varia...', 'C:\\\\xampp\\\\htdocs...', 50)
#2 C:\\xampp\\htdocs\\Laravel\\student_registration\\vendor\\laravel\\framework\\src\\Illuminate\\Filesystem\\Filesystem.php(109): require('C:\\\\xampp\\\\htdocs...')
#3 C:\\xampp\\htdocs\\Laravel\\student_registration\\vendor\\laravel\\framework\\src\\Illuminate\\Filesystem\\Filesystem.php(110): Illuminate\\Filesystem\\Filesystem::Illuminate\\Filesystem\\{closure}()
#4 C:\\xampp\\htdocs\\Laravel\\student_registration\\vendor\\laravel\\framework\\src\\Illuminate\\View\\Engines\\PhpEngine.php(58): Illuminate\\Filesystem\\Filesystem->getRequire('C:\\\\xampp\\\\htdocs...', Array)
#5 C:\\xampp\\htdocs\\Laravel\\student_registration\\vendor\\laravel\\framework\\src\\Illuminate\\View\\Engines\\CompilerEngine.php(70): Illuminate\\View\\Engines\\PhpEngine->evaluatePath('C:\\\\xampp\\\\htdocs...', Array)
#6 C:\\xampp\\htdocs\\Laravel\\student_registration\\vendor\\laravel\\framework\\src\\Illuminate\\View\\View.php(195): Illuminate\\View\\Engines\\CompilerEngine->get('C:\\\\xampp\\\\htdocs...', Array)
#7 C:\\xampp\\htdocs\\Laravel\\student_registration\\vendor\\laravel\\framework\\src\\Illuminate\\View\\View.php(178): Illuminate\\View\\View->getContents()
#8 C:\\xampp\\htdocs\\Laravel\\student_registration\\vendor\\laravel\\framework\\src\\Illuminate\\View\\View.php(147): Illuminate\\View\\View->renderContents()
#9 C:\\xampp\\htdocs\\Laravel\\student_registration\\vendor\\laravel\\framework\\src\\Illuminate\\Http\\Response.php(69): Illuminate\\View\\View->render()
#10 C:\\xampp\\htdocs\\Laravel\\student_registration\\vendor\\laravel\\framework\\src\\Illuminate\\Http\\Response.php(35): Illuminate\\Http\\Response->setContent(Object(Illuminate\\View\\View))
#11 C:\\xampp\\htdocs\\Laravel\\student_registration\\vendor\\laravel\\framework\\src\\Illuminate\\Routing\\Router.php(906): Illuminate\\Http\\Response->__construct(Object(Illuminate\\View\\View), 200, Array)
#12 C:\\xampp\\htdocs\\Laravel\\student_registration\\vendor\\laravel\\framework\\src\\Illuminate\\Routing\\Router.php(875): Illuminate\\Routing\\Router::toResponse(Object(Illuminate\\Http\\Request), Object(Illuminate\\View\\View))
#13 C:\\xampp\\htdocs\\Laravel\\student_registration\\vendor\\laravel\\framework\\src\\Illuminate\\Routing\\Router.php(798): Illuminate\\Routing\\Router->prepareResponse(Object(Illuminate\\Http\\Request), Object(Illuminate\\View\\View))
#14 C:\\xampp\\htdocs\\Laravel\\student_registration\\vendor\\laravel\\framework\\src\\Illuminate\\Pipeline\\Pipeline.php(141): Illuminate\\Routing\\Router->Illuminate\\Routing\\{closure}(Object(Illuminate\\Http\\Request))
#15 C:\\xampp\\htdocs\\Laravel\\student_registration\\vendor\\laravel\\framework\\src\\Illuminate\\Routing\\Middleware\\SubstituteBindings.php(50): Illuminate\\Pipeline\\Pipeline->Illuminate\\Pipeline\\{closure}(Object(Illuminate\\Http\\Request))
#16 C:\\xampp\\htdocs\\Laravel\\student_registration\\vendor\\laravel\\framework\\src\\Illuminate\\Pipeline\\Pipeline.php(180): Illuminate\\Routing\\Middleware\\SubstituteBindings->handle(Object(Illuminate\\Http\\Request), Object(Closure))
#17 C:\\xampp\\htdocs\\Laravel\\student_registration\\vendor\\laravel\\framework\\src\\Illuminate\\Foundation\\Http\\Middleware\\VerifyCsrfToken.php(78): Illuminate\\Pipeline\\Pipeline->Illuminate\\Pipeline\\{closure}(Object(Illuminate\\Http\\Request))
#18 C:\\xampp\\htdocs\\Laravel\\student_registration\\vendor\\laravel\\framework\\src\\Illuminate\\Pipeline\\Pipeline.php(180): Illuminate\\Foundation\\Http\\Middleware\\VerifyCsrfToken->handle(Object(Illuminate\\Http\\Request), Object(Closure))
#19 C:\\xampp\\htdocs\\Laravel\\student_registration\\vendor\\laravel\\framework\\src\\Illuminate\\View\\Middleware\\ShareErrorsFromSession.php(49): Illuminate\\Pipeline\\Pipeline->Illuminate\\Pipeline\\{closure}(Object(Illuminate\\Http\\Request))
#20 C:\\xampp\\htdocs\\Laravel\\student_registration\\vendor\\laravel\\framework\\src\\Illuminate\\Pipeline\\Pipeline.php(180): Illuminate\\View\\Middleware\\ShareErrorsFromSession->handle(Object(Illuminate\\Http\\Request), Object(Closure))
#21 C:\\xampp\\htdocs\\Laravel\\student_registration\\vendor\\laravel\\framework\\src\\Illuminate\\Session\\Middleware\\StartSession.php(121): Illuminate\\Pipeline\\Pipeline->Illuminate\\Pipeline\\{closure}(Object(Illuminate\\Http\\Request))
#22 C:\\xampp\\htdocs\\Laravel\\student_registration\\vendor\\laravel\\framework\\src\\Illuminate\\Session\\Middleware\\StartSession.php(64): Illuminate\\Session\\Middleware\\StartSession->handleStatefulRequest(Object(Illuminate\\Http\\Request), Object(Illuminate\\Session\\Store), Object(Closure))
#23 C:\\xampp\\htdocs\\Laravel\\student_registration\\vendor\\laravel\\framework\\src\\Illuminate\\Pipeline\\Pipeline.php(180): Illuminate\\Session\\Middleware\\StartSession->handle(Object(Illuminate\\Http\\Request), Object(Closure))
#24 C:\\xampp\\htdocs\\Laravel\\student_registration\\vendor\\laravel\\framework\\src\\Illuminate\\Cookie\\Middleware\\AddQueuedCookiesToResponse.php(37): Illuminate\\Pipeline\\Pipeline->Illuminate\\Pipeline\\{closure}(Object(Illuminate\\Http\\Request))
#25 C:\\xampp\\htdocs\\Laravel\\student_registration\\vendor\\laravel\\framework\\src\\Illuminate\\Pipeline\\Pipeline.php(180): Illuminate\\Cookie\\Middleware\\AddQueuedCookiesToResponse->handle(Object(Illuminate\\Http\\Request), Object(Closure))
#26 C:\\xampp\\htdocs\\Laravel\\student_registration\\vendor\\laravel\\framework\\src\\Illuminate\\Cookie\\Middleware\\EncryptCookies.php(67): Illuminate\\Pipeline\\Pipeline->Illuminate\\Pipeline\\{closure}(Object(Illuminate\\Http\\Request))
#27 C:\\xampp\\htdocs\\Laravel\\student_registration\\vendor\\laravel\\framework\\src\\Illuminate\\Pipeline\\Pipeline.php(180): Illuminate\\Cookie\\Middleware\\EncryptCookies->handle(Object(Illuminate\\Http\\Request), Object(Closure))
#28 C:\\xampp\\htdocs\\Laravel\\student_registration\\vendor\\laravel\\framework\\src\\Illuminate\\Pipeline\\Pipeline.php(116): Illuminate\\Pipeline\\Pipeline->Illuminate\\Pipeline\\{closure}(Object(Illuminate\\Http\\Request))
#29 C:\\xampp\\htdocs\\Laravel\\student_registration\\vendor\\laravel\\framework\\src\\Illuminate\\Routing\\Router.php(799): Illuminate\\Pipeline\\Pipeline->then(Object(Closure))
#30 C:\\xampp\\htdocs\\Laravel\\student_registration\\vendor\\laravel\\framework\\src\\Illuminate\\Routing\\Router.php(776): Illuminate\\Routing\\Router->runRouteWithinStack(Object(Illuminate\\Routing\\Route), Object(Illuminate\\Http\\Request))
#31 C:\\xampp\\htdocs\\Laravel\\student_registration\\vendor\\laravel\\framework\\src\\Illuminate\\Routing\\Router.php(740): Illuminate\\Routing\\Router->runRoute(Object(Illuminate\\Http\\Request), Object(Illuminate\\Routing\\Route))
#32 C:\\xampp\\htdocs\\Laravel\\student_registration\\vendor\\laravel\\framework\\src\\Illuminate\\Routing\\Router.php(729): Illuminate\\Routing\\Router->dispatchToRoute(Object(Illuminate\\Http\\Request))
#33 C:\\xampp\\htdocs\\Laravel\\student_registration\\vendor\\laravel\\framework\\src\\Illuminate\\Foundation\\Http\\Kernel.php(190): Illuminate\\Routing\\Router->dispatch(Object(Illuminate\\Http\\Request))
#34 C:\\xampp\\htdocs\\Laravel\\student_registration\\vendor\\laravel\\framework\\src\\Illuminate\\Pipeline\\Pipeline.php(141): Illuminate\\Foundation\\Http\\Kernel->Illuminate\\Foundation\\Http\\{closure}(Object(Illuminate\\Http\\Request))
#35 C:\\xampp\\htdocs\\Laravel\\student_registration\\vendor\\laravel\\framework\\src\\Illuminate\\Foundation\\Http\\Middleware\\TransformsRequest.php(21): Illuminate\\Pipeline\\Pipeline->Illuminate\\Pipeline\\{closure}(Object(Illuminate\\Http\\Request))
#36 C:\\xampp\\htdocs\\Laravel\\student_registration\\vendor\\laravel\\framework\\src\\Illuminate\\Foundation\\Http\\Middleware\\ConvertEmptyStringsToNull.php(31): Illuminate\\Foundation\\Http\\Middleware\\TransformsRequest->handle(Object(Illuminate\\Http\\Request), Object(Closure))
#37 C:\\xampp\\htdocs\\Laravel\\student_registration\\vendor\\laravel\\framework\\src\\Illuminate\\Pipeline\\Pipeline.php(180): Illuminate\\Foundation\\Http\\Middleware\\ConvertEmptyStringsToNull->handle(Object(Illuminate\\Http\\Request), Object(Closure))
#38 C:\\xampp\\htdocs\\Laravel\\student_registration\\vendor\\laravel\\framework\\src\\Illuminate\\Foundation\\Http\\Middleware\\TransformsRequest.php(21): Illuminate\\Pipeline\\Pipeline->Illuminate\\Pipeline\\{closure}(Object(Illuminate\\Http\\Request))
#39 C:\\xampp\\htdocs\\Laravel\\student_registration\\vendor\\laravel\\framework\\src\\Illuminate\\Foundation\\Http\\Middleware\\TrimStrings.php(40): Illuminate\\Foundation\\Http\\Middleware\\TransformsRequest->handle(Object(Illuminate\\Http\\Request), Object(Closure))
#40 C:\\xampp\\htdocs\\Laravel\\student_registration\\vendor\\laravel\\framework\\src\\Illuminate\\Pipeline\\Pipeline.php(180): Illuminate\\Foundation\\Http\\Middleware\\TrimStrings->handle(Object(Illuminate\\Http\\Request), Object(Closure))
#41 C:\\xampp\\htdocs\\Laravel\\student_registration\\vendor\\laravel\\framework\\src\\Illuminate\\Foundation\\Http\\Middleware\\ValidatePostSize.php(27): Illuminate\\Pipeline\\Pipeline->Illuminate\\Pipeline\\{closure}(Object(Illuminate\\Http\\Request))
#42 C:\\xampp\\htdocs\\Laravel\\student_registration\\vendor\\laravel\\framework\\src\\Illuminate\\Pipeline\\Pipeline.php(180): Illuminate\\Foundation\\Http\\Middleware\\ValidatePostSize->handle(Object(Illuminate\\Http\\Request), Object(Closure))
#43 C:\\xampp\\htdocs\\Laravel\\student_registration\\vendor\\laravel\\framework\\src\\Illuminate\\Foundation\\Http\\Middleware\\PreventRequestsDuringMaintenance.php(86): Illuminate\\Pipeline\\Pipeline->Illuminate\\Pipeline\\{closure}(Object(Illuminate\\Http\\Request))
#44 C:\\xampp\\htdocs\\Laravel\\student_registration\\vendor\\laravel\\framework\\src\\Illuminate\\Pipeline\\Pipeline.php(180): Illuminate\\Foundation\\Http\\Middleware\\PreventRequestsDuringMaintenance->handle(Object(Illuminate\\Http\\Request), Object(Closure))
#45 C:\\xampp\\htdocs\\Laravel\\student_registration\\vendor\\fruitcake\\laravel-cors\\src\\HandleCors.php(38): Illuminate\\Pipeline\\Pipeline->Illuminate\\Pipeline\\{closure}(Object(Illuminate\\Http\\Request))
#46 C:\\xampp\\htdocs\\Laravel\\student_registration\\vendor\\laravel\\framework\\src\\Illuminate\\Pipeline\\Pipeline.php(180): Fruitcake\\Cors\\HandleCors->handle(Object(Illuminate\\Http\\Request), Object(Closure))
#47 C:\\xampp\\htdocs\\Laravel\\student_registration\\vendor\\laravel\\framework\\src\\Illuminate\\Http\\Middleware\\TrustProxies.php(39): Illuminate\\Pipeline\\Pipeline->Illuminate\\Pipeline\\{closure}(Object(Illuminate\\Http\\Request))
#48 C:\\xampp\\htdocs\\Laravel\\student_registration\\vendor\\laravel\\framework\\src\\Illuminate\\Pipeline\\Pipeline.php(180): Illuminate\\Http\\Middleware\\TrustProxies->handle(Object(Illuminate\\Http\\Request), Object(Closure))
#49 C:\\xampp\\htdocs\\Laravel\\student_registration\\vendor\\laravel\\framework\\src\\Illuminate\\Pipeline\\Pipeline.php(116): Illuminate\\Pipeline\\Pipeline->Illuminate\\Pipeline\\{closure}(Object(Illuminate\\Http\\Request))
#50 C:\\xampp\\htdocs\\Laravel\\student_registration\\vendor\\laravel\\framework\\src\\Illuminate\\Foundation\\Http\\Kernel.php(165): Illuminate\\Pipeline\\Pipeline->then(Object(Closure))
#51 C:\\xampp\\htdocs\\Laravel\\student_registration\\vendor\\laravel\\framework\\src\\Illuminate\\Foundation\\Http\\Kernel.php(134): Illuminate\\Foundation\\Http\\Kernel->sendRequestThroughRouter(Object(Illuminate\\Http\\Request))
#52 C:\\xampp\\htdocs\\Laravel\\student_registration\\public\\index.php(52): Illuminate\\Foundation\\Http\\Kernel->handle(Object(Illuminate\\Http\\Request))
#53 C:\\xampp\\htdocs\\Laravel\\student_registration\\vendor\\laravel\\framework\\src\\Illuminate\\Foundation\\resources\\server.php(16): require_once('C:\\\\xampp\\\\htdocs...')
#54 {main}

[previous exception] [object] (ErrorException(code: 0): Undefined variable $days_late at C:\\xampp\\htdocs\\Laravel\\student_registration\\storage\\framework\\views\\66a96712e52ba07e5c52cd46260a04d5c5a7f108.php:50)
[stacktrace]
#0 C:\\xampp\\htdocs\\Laravel\\student_registration\\vendor\\laravel\\framework\\src\\Illuminate\\Foundation\\Bootstrap\\HandleExceptions.php(272): Illuminate\\Foundation\\Bootstrap\\HandleExceptions->handleError(2, 'Undefined varia...', 'C:\\\\xampp\\\\htdocs...', 50)
#1 C:\\xampp\\htdocs\\Laravel\\student_registration\\storage\\framework\\views\\66a96712e52ba07e5c52cd46260a04d5c5a7f108.php(50): Illuminate\\Foundation\\Bootstrap\\HandleExceptions->Illuminate\\Foundation\\Bootstrap\\{closure}(2, 'Undefined varia...', 'C:\\\\xampp\\\\htdocs...', 50)
#2 C:\\xampp\\htdocs\\Laravel\\student_registration\\vendor\\laravel\\framework\\src\\Illuminate\\Filesystem\\Filesystem.php(109): require('C:\\\\xampp\\\\htdocs...')
#3 C:\\xampp\\htdocs\\Laravel\\student_registration\\vendor\\laravel\\framework\\src\\Illuminate\\Filesystem\\Filesystem.php(110): Illuminate\\Filesystem\\Filesystem::Illuminate\\Filesystem\\{closure}()
#4 C:\\xampp\\htdocs\\Laravel\\student_registration\\vendor\\laravel\\framework\\src\\Illuminate\\View\\Engines\\PhpEngine.php(58): Illuminate\\Filesystem\\Filesystem->getRequire('C:\\\\xampp\\\\htdocs...', Array)
#5 C:\\xampp\\htdocs\\Laravel\\student_registration\\vendor\\laravel\\framework\\src\\Illuminate\\View\\Engines\\CompilerEngine.php(70): Illuminate\\View\\Engines\\PhpEngine->evaluatePath('C:\\\\xampp\\\\htdocs...', Array)
#6 C:\\xampp\\htdocs\\Laravel\\student_registration\\vendor\\laravel\\framework\\src\\Illuminate\\View\\View.php(195): Illuminate\\View\\Engines\\CompilerEngine->get('C:\\\\xampp\\\\htdocs...', Array)
#7 C:\\xampp\\htdocs\\Laravel\\student_registration\\vendor\\laravel\\framework\\src\\Illuminate\\View\\View.php(178): Illuminate\\View\\View->getContents()
#8 C:\\xampp\\htdocs\\Laravel\\student_registration\\vendor\\laravel\\framework\\src\\Illuminate\\View\\View.php(147): Illuminate\\View\\View->renderContents()
#9 C:\\xampp\\htdocs\\Laravel\\student_registration\\vendor\\laravel\\framework\\src\\Illuminate\\Http\\Response.php(69): Illuminate\\View\\View->render()
#10 C:\\xampp\\htdocs\\Laravel\\student_registration\\vendor\\laravel\\framework\\src\\Illuminate\\Http\\Response.php(35): Illuminate\\Http\\Response->setContent(Object(Illuminate\\View\\View))
#11 C:\\xampp\\htdocs\\Laravel\\student_registration\\vendor\\laravel\\framework\\src\\Illuminate\\Routing\\Router.php(906): Illuminate\\Http\\Response->__construct(Object(Illuminate\\View\\View), 200, Array)
#12 C:\\xampp\\htdocs\\Laravel\\student_registration\\vendor\\laravel\\framework\\src\\Illuminate\\Routing\\Router.php(875): Illuminate\\Routing\\Router::toResponse(Object(Illuminate\\Http\\Request), Object(Illuminate\\View\\View))
#13 C:\\xampp\\htdocs\\Laravel\\student_registration\\vendor\\laravel\\framework\\src\\Illuminate\\Routing\\Router.php(798): Illuminate\\Routing\\Router->prepareResponse(Object(Illuminate\\Http\\Request), Object(Illuminate\\View\\View))
#14 C:\\xampp\\htdocs\\Laravel\\student_registration\\vendor\\laravel\\framework\\src\\Illuminate\\Pipeline\\Pipeline.php(141): Illuminate\\Routing\\Router->Illuminate\\Routing\\{closure}(Object(Illuminate\\Http\\Request))
#15 C:\\xampp\\htdocs\\Laravel\\student_registration\\vendor\\laravel\\framework\\src\\Illuminate\\Routing\\Middleware\\SubstituteBindings.php(50): Illuminate\\Pipeline\\Pipeline->Illuminate\\Pipeline\\{closure}(Object(Illuminate\\Http\\Request))
#16 C:\\xampp\\htdocs\\Laravel\\student_registration\\vendor\\laravel\\framework\\src\\Illuminate\\Pipeline\\Pipeline.php(180): Illuminate\\Routing\\Middleware\\SubstituteBindings->handle(Object(Illuminate\\Http\\Request), Object(Closure))
#17 C:\\xampp\\htdocs\\Laravel\\student_registration\\vendor\\laravel\\framework\\src\\Illuminate\\Foundation\\Http\\Middleware\\VerifyCsrfToken.php(78): Illuminate\\Pipeline\\Pipeline->Illuminate\\Pipeline\\{closure}(Object(Illuminate\\Http\\Request))
#18 C:\\xampp\\htdocs\\Laravel\\student_registration\\vendor\\laravel\\framework\\src\\Illuminate\\Pipeline\\Pipeline.php(180): Illuminate\\Foundation\\Http\\Middleware\\VerifyCsrfToken->handle(Object(Illuminate\\Http\\Request), Object(Closure))
#19 C:\\xampp\\htdocs\\Laravel\\student_registration\\vendor\\laravel\\framework\\src\\Illuminate\\View\\Middleware\\ShareErrorsFromSession.php(49): Illuminate\\Pipeline\\Pipeline->Illuminate\\Pipeline\\{closure}(Object(Illuminate\\Http\\Request))
#20 C:\\xampp\\htdocs\\Laravel\\student_registration\\vendor\\laravel\\framework\\src\\Illuminate\\Pipeline\\Pipeline.php(180): Illuminate\\View\\Middleware\\ShareErrorsFromSession->handle(Object(Illuminate\\Http\\Request), Object(Closure))
#21 C:\\xampp\\htdocs\\Laravel\\student_registration\\vendor\\laravel\\framework\\src\\Illuminate\\Session\\Middleware\\StartSession.php(121): Illuminate\\Pipeline\\Pipeline->Illuminate\\Pipeline\\{closure}(Object(Illuminate\\Http\\Request))
#22 C:\\xampp\\htdocs\\Laravel\\student_registration\\vendor\\laravel\\framework\\src\\Illuminate\\Session\\Middleware\\StartSession.php(64): Illuminate\\Session\\Middleware\\StartSession->handleStatefulRequest(Object(Illuminate\\Http\\Request), Object(Illuminate\\Session\\Store), Object(Closure))
#23 C:\\xampp\\htdocs\\Laravel\\student_registration\\vendor\\laravel\\framework\\src\\Illuminate\\Pipeline\\Pipeline.php(180): Illuminate\\Session\\Middleware\\StartSession->handle(Object(Illuminate\\Http\\Request), Object(Closure))
#24 C:\\xampp\\htdocs\\Laravel\\student_registration\\vendor\\laravel\\framework\\src\\Illuminate\\Cookie\\Middleware\\AddQueuedCookiesToResponse.php(37): Illuminate\\Pipeline\\Pipeline->Illuminate\\Pipeline\\{closure}(Object(Illuminate\\Http\\Request))
#25 C:\\xampp\\htdocs\\Laravel\\student_registration\\vendor\\laravel\\framework\\src\\Illuminate\\Pipeline\\Pipeline.php(180): Illuminate\\Cookie\\Middleware\\AddQueuedCookiesToResponse->handle(Object(Illuminate\\Http\\Request), Object(Closure))
#26 C:\\xampp\\htdocs\\Laravel\\student_registration\\vendor\\laravel\\framework\\src\\Illuminate\\Cookie\\Middleware\\EncryptCookies.php(67): Illuminate\\Pipeline\\Pipeline->Illuminate\\Pipeline\\{closure}(Object(Illuminate\\Http\\Request))
#27 C:\\xampp\\htdocs\\Laravel\\student_registration\\vendor\\laravel\\framework\\src\\Illuminate\\Pipeline\\Pipeline.php(180): Illuminate\\Cookie\\Middleware\\EncryptCookies->handle(Object(Illuminate\\Http\\Request), Object(Closure))
#28 C:\\xampp\\htdocs\\Laravel\\student_registration\\vendor\\laravel\\framework\\src\\Illuminate\\Pipeline\\Pipeline.php(116): Illuminate\\Pipeline\\Pipeline->Illuminate\\Pipeline\\{closure}(Object(Illuminate\\Http\\Request))
#29 C:\\xampp\\htdocs\\Laravel\\student_registration\\vendor\\laravel\\framework\\src\\Illuminate\\Routing\\Router.php(799): Illuminate\\Pipeline\\Pipeline->then(Object(Closure))
#30 C:\\xampp\\htdocs\\Laravel\\student_registration\\vendor\\laravel\\framework\\src\\Illuminate\\Routing\\Router.php(776): Illuminate\\Routing\\Router->runRouteWithinStack(Object(Illuminate\\Routing\\Route), Object(Illuminate\\Http\\Request))
#31 C:\\xampp\\htdocs\\Laravel\\student_registration\\vendor\\laravel\\framework\\src\\Illuminate\\Routing\\Router.php(740): Illuminate\\Routing\\Router->runRoute(Object(Illuminate\\Http\\Request), Object(Illuminate\\Routing\\Route))
#32 C:\\xampp\\htdocs\\Laravel\\student_registration\\vendor\\laravel\\framework\\src\\Illuminate\\Routing\\Router.php(729): Illuminate\\Routing\\Router->dispatchToRoute(Object(Illuminate\\Http\\Request))
#33 C:\\xampp\\htdocs\\Laravel\\student_registration\\vendor\\laravel\\framework\\src\\Illuminate\\Foundation\\Http\\Kernel.php(190): Illuminate\\Routing\\Router->dispatch(Object(Illuminate\\Http\\Request))
#34 C:\\xampp\\htdocs\\Laravel\\student_registration\\vendor\\laravel\\framework\\src\\Illuminate\\Pipeline\\Pipeline.php(141): Illuminate\\Foundation\\Http\\Kernel->Illuminate\\Foundation\\Http\\{closure}(Object(Illuminate\\Http\\Request))
#35 C:\\xampp\\htdocs\\Laravel\\student_registration\\vendor\\laravel\\framework\\src\\Illuminate\\Foundation\\Http\\Middleware\\TransformsRequest.php(21): Illuminate\\Pipeline\\Pipeline->Illuminate\\Pipeline\\{closure}(Object(Illuminate\\Http\\Request))
#36 C:\\xampp\\htdocs\\Laravel\\student_registration\\vendor\\laravel\\framework\\src\\Illuminate\\Foundation\\Http\\Middleware\\ConvertEmptyStringsToNull.php(31): Illuminate\\Foundation\\Http\\Middleware\\TransformsRequest->handle(Object(Illuminate\\Http\\Request), Object(Closure))
#37 C:\\xampp\\htdocs\\Laravel\\student_registration\\vendor\\laravel\\framework\\src\\Illuminate\\Pipeline\\Pipeline.php(180): Illuminate\\Foundation\\Http\\Middleware\\ConvertEmptyStringsToNull->handle(Object(Illuminate\\Http\\Request), Object(Closure))
#38 C:\\xampp\\htdocs\\Laravel\\student_registration\\vendor\\laravel\\framework\\src\\Illuminate\\Foundation\\Http\\Middleware\\TransformsRequest.php(21): Illuminate\\Pipeline\\Pipeline->Illuminate\\Pipeline\\{closure}(Object(Illuminate\\Http\\Request))
#39 C:\\xampp\\htdocs\\Laravel\\student_registration\\vendor\\laravel\\framework\\src\\Illuminate\\Foundation\\Http\\Middleware\\TrimStrings.php(40): Illuminate\\Foundation\\Http\\Middleware\\TransformsRequest->handle(Object(Illuminate\\Http\\Request), Object(Closure))
#40 C:\\xampp\\htdocs\\Laravel\\student_registration\\vendor\\laravel\\framework\\src\\Illuminate\\Pipeline\\Pipeline.php(180): Illuminate\\Foundation\\Http\\Middleware\\TrimStrings->handle(Object(Illuminate\\Http\\Request), Object(Closure))
#41 C:\\xampp\\htdocs\\Laravel\\student_registration\\vendor\\laravel\\framework\\src\\Illuminate\\Foundation\\Http\\Middleware\\ValidatePostSize.php(27): Illuminate\\Pipeline\\Pipeline->Illuminate\\Pipeline\\{closure}(Object(Illuminate\\Http\\Request))
#42 C:\\xampp\\htdocs\\Laravel\\student_registration\\vendor\\laravel\\framework\\src\\Illuminate\\Pipeline\\Pipeline.php(180): Illuminate\\Foundation\\Http\\Middleware\\ValidatePostSize->handle(Object(Illuminate\\Http\\Request), Object(Closure))
#43 C:\\xampp\\htdocs\\Laravel\\student_registration\\vendor\\laravel\\framework\\src\\Illuminate\\Foundation\\Http\\Middleware\\PreventRequestsDuringMaintenance.php(86): Illuminate\\Pipeline\\Pipeline->Illuminate\\Pipeline\\{closure}(Object(Illuminate\\Http\\Request))
#44 C:\\xampp\\htdocs\\Laravel\\student_registration\\vendor\\laravel\\framework\\src\\Illuminate\\Pipeline\\Pipeline.php(180): Illuminate\\Foundation\\Http\\Middleware\\PreventRequestsDuringMaintenance->handle(Object(Illuminate\\Http\\Request), Object(Closure))
#45 C:\\xampp\\htdocs\\Laravel\\student_registration\\vendor\\fruitcake\\laravel-cors\\src\\HandleCors.php(38): Illuminate\\Pipeline\\Pipeline->Illuminate\\Pipeline\\{closure}(Object(Illuminate\\Http\\Request))
#46 C:\\xampp\\htdocs\\Laravel\\student_registration\\vendor\\laravel\\framework\\src\\Illuminate\\Pipeline\\Pipeline.php(180): Fruitcake\\Cors\\HandleCors->handle(Object(Illuminate\\Http\\Request), Object(Closure))
#47 C:\\xampp\\htdocs\\Laravel\\student_registration\\vendor\\laravel\\framework\\src\\Illuminate\\Http\\Middleware\\TrustProxies.php(39): Illuminate\\Pipeline\\Pipeline->Illuminate\\Pipeline\\{closure}(Object(Illuminate\\Http\\Request))
#48 C:\\xampp\\htdocs\\Laravel\\student_registration\\vendor\\laravel\\framework\\src\\Illuminate\\Pipeline\\Pipeline.php(180): Illuminate\\Http\\Middleware\\TrustProxies->handle(Object(Illuminate\\Http\\Request), Object(Closure))
#49 C:\\xampp\\htdocs\\Laravel\\student_registration\\vendor\\laravel\\framework\\src\\Illuminate\\Pipeline\\Pipeline.php(116): Illuminate\\Pipeline\\Pipeline->Illuminate\\Pipeline\\{closure}(Object(Illuminate\\Http\\Request))
#50 C:\\xampp\\htdocs\\Laravel\\student_registration\\vendor\\laravel\\framework\\src\\Illuminate\\Foundation\\Http\\Kernel.php(165): Illuminate\\Pipeline\\Pipeline->then(Object(Closure))
#51 C:\\xampp\\htdocs\\Laravel\\student_registration\\vendor\\laravel\\framework\\src\\Illuminate\\Foundation\\Http\\Kernel.php(134): Illuminate\\Foundation\\Http\\Kernel->sendRequestThroughRouter(Object(Illuminate\\Http\\Request))
#52 C:\\xampp\\htdocs\\Laravel\\student_registration\\public\\index.php(52): Illuminate\\Foundation\\Http\\Kernel->handle(Object(Illuminate\\Http\\Request))
#53 C:\\xampp\\htdocs\\Laravel\\student_registration\\vendor\\laravel\\framework\\src\\Illuminate\\Foundation\\resources\\server.php(16): require_once('C:\\\\xampp\\\\htdocs...')
#54 {main}
"} 
[2025-05-21 11:07:24] local.INFO: Student_id from the studentFeesPaymentPageOpen:  ["27"] 
[2025-05-21 11:08:06] local.INFO: Student_id from the studentFeesPaymentPageOpen:  ["27"] 
[2025-05-21 11:13:11] local.INFO: Student_id from the studentFeesPaymentPageOpen:  ["27"] 
[2025-05-21 11:13:11] local.ERROR: syntax error, unexpected variable "$current_date" {"view":{"view":"C:\\xampp\\htdocs\\Laravel\\student_registration\\resources\\views\\student\\feesPaymentPanel.blade.php","data":{"errors":"<pre class=sf-dump id=sf-dump-1383936274 data-indent-pad=\"  \"><span class=sf-dump-note>Illuminate\\Support\\ViewErrorBag</span> {<a class=sf-dump-ref>#387</a><samp data-depth=1 class=sf-dump-expanded>
  #<span class=sf-dump-protected title=\"Protected property\">bags</span>: []
</samp>}
</pre><script>Sfdump(\"sf-dump-1383936274\", {\"maxDepth\":3,\"maxStringLength\":160})</script>
","title":"<pre class=sf-dump id=sf-dump-1949446652 data-indent-pad=\"  \">\"<span class=sf-dump-str title=\"12 characters\">Fees Payment</span>\"
</pre><script>Sfdump(\"sf-dump-1949446652\", {\"maxDepth\":3,\"maxStringLength\":160})</script>
","fees_schedule":"<pre class=sf-dump id=sf-dump-1971473821 data-indent-pad=\"  \"><span class=sf-dump-note>Illuminate\\Support\\Collection</span> {<a class=sf-dump-ref>#429</a><samp data-depth=1 class=sf-dump-expanded>
  #<span class=sf-dump-protected title=\"Protected property\">items</span>: <span class=sf-dump-note>array:8</span> [<samp data-depth=2 class=sf-dump-compact>
    <span class=sf-dump-index>0</span> => {<a class=sf-dump-ref>#426</a><samp data-depth=3 class=sf-dump-compact>
      +\"<span class=sf-dump-public title=\"Runtime added dynamic property\">fees_payment_schedule_id</span>\": <span class=sf-dump-num>12</span>
      +\"<span class=sf-dump-public title=\"Runtime added dynamic property\">start_date</span>\": \"<span class=sf-dump-str title=\"10 characters\">2025-05-19</span>\"
      +\"<span class=sf-dump-public title=\"Runtime added dynamic property\">end_date</span>\": \"<span class=sf-dump-str title=\"10 characters\">2025-05-26</span>\"
      +\"<span class=sf-dump-public title=\"Runtime added dynamic property\">extended_date</span>\": <span class=sf-dump-const>null</span>
      +\"<span class=sf-dump-public title=\"Runtime added dynamic property\">late_fine</span>\": <span class=sf-dump-const>null</span>
      +\"<span class=sf-dump-public title=\"Runtime added dynamic property\">fees_structure_id</span>\": <span class=sf-dump-num>17</span>
      +\"<span class=sf-dump-public title=\"Runtime added dynamic property\">academic_id</span>\": <span class=sf-dump-num>1</span>
      +\"<span class=sf-dump-public title=\"Runtime added dynamic property\">course_id</span>\": <span class=sf-dump-num>1</span>
      +\"<span class=sf-dump-public title=\"Runtime added dynamic property\">semester_id</span>\": <span class=sf-dump-num>1</span>
      +\"<span class=sf-dump-public title=\"Runtime added dynamic property\">semester_name</span>\": \"<span class=sf-dump-str title=\"3 characters\">1st</span>\"
      +\"<span class=sf-dump-public title=\"Runtime added dynamic property\">total_amount</span>\": \"<span class=sf-dump-str title=\"8 characters\">57000.00</span>\"
      +\"<span class=sf-dump-public title=\"Runtime added dynamic property\">payment_table_id</span>\": <span class=sf-dump-const>null</span>
    </samp>}
    <span class=sf-dump-index>1</span> => {<a class=sf-dump-ref>#437</a><samp data-depth=3 class=sf-dump-compact>
      +\"<span class=sf-dump-public title=\"Runtime added dynamic property\">fees_payment_schedule_id</span>\": <span class=sf-dump-num>11</span>
      +\"<span class=sf-dump-public title=\"Runtime added dynamic property\">start_date</span>\": \"<span class=sf-dump-str title=\"10 characters\">2025-05-21</span>\"
      +\"<span class=sf-dump-public title=\"Runtime added dynamic property\">end_date</span>\": \"<span class=sf-dump-str title=\"10 characters\">2025-05-28</span>\"
      +\"<span class=sf-dump-public title=\"Runtime added dynamic property\">extended_date</span>\": <span class=sf-dump-const>null</span>
      +\"<span class=sf-dump-public title=\"Runtime added dynamic property\">late_fine</span>\": \"<span class=sf-dump-str title=\"4 characters\">0.00</span>\"
      +\"<span class=sf-dump-public title=\"Runtime added dynamic property\">fees_structure_id</span>\": <span class=sf-dump-num>19</span>
      +\"<span class=sf-dump-public title=\"Runtime added dynamic property\">academic_id</span>\": <span class=sf-dump-num>1</span>
      +\"<span class=sf-dump-public title=\"Runtime added dynamic property\">course_id</span>\": <span class=sf-dump-num>1</span>
      +\"<span class=sf-dump-public title=\"Runtime added dynamic property\">semester_id</span>\": <span class=sf-dump-num>2</span>
      +\"<span class=sf-dump-public title=\"Runtime added dynamic property\">semester_name</span>\": \"<span class=sf-dump-str title=\"3 characters\">2nd</span>\"
      +\"<span class=sf-dump-public title=\"Runtime added dynamic property\">total_amount</span>\": \"<span class=sf-dump-str title=\"8 characters\">57000.00</span>\"
      +\"<span class=sf-dump-public title=\"Runtime added dynamic property\">payment_table_id</span>\": <span class=sf-dump-const>null</span>
    </samp>}
    <span class=sf-dump-index>2</span> => {<a class=sf-dump-ref>#443</a><samp data-depth=3 class=sf-dump-compact>
      +\"<span class=sf-dump-public title=\"Runtime added dynamic property\">fees_payment_schedule_id</span>\": <span class=sf-dump-num>14</span>
      +\"<span class=sf-dump-public title=\"Runtime added dynamic property\">start_date</span>\": \"<span class=sf-dump-str title=\"10 characters\">2025-04-01</span>\"
      +\"<span class=sf-dump-public title=\"Runtime added dynamic property\">end_date</span>\": \"<span class=sf-dump-str title=\"10 characters\">2025-05-08</span>\"
      +\"<span class=sf-dump-public title=\"Runtime added dynamic property\">extended_date</span>\": \"<span class=sf-dump-str title=\"10 characters\">2025-05-10</span>\"
      +\"<span class=sf-dump-public title=\"Runtime added dynamic property\">late_fine</span>\": \"<span class=sf-dump-str title=\"5 characters\">10.00</span>\"
      +\"<span class=sf-dump-public title=\"Runtime added dynamic property\">fees_structure_id</span>\": <span class=sf-dump-num>23</span>
      +\"<span class=sf-dump-public title=\"Runtime added dynamic property\">academic_id</span>\": <span class=sf-dump-num>1</span>
      +\"<span class=sf-dump-public title=\"Runtime added dynamic property\">course_id</span>\": <span class=sf-dump-num>1</span>
      +\"<span class=sf-dump-public title=\"Runtime added dynamic property\">semester_id</span>\": <span class=sf-dump-num>3</span>
      +\"<span class=sf-dump-public title=\"Runtime added dynamic property\">semester_name</span>\": \"<span class=sf-dump-str title=\"3 characters\">3rd</span>\"
      +\"<span class=sf-dump-public title=\"Runtime added dynamic property\">total_amount</span>\": \"<span class=sf-dump-str title=\"8 characters\">77000.00</span>\"
      +\"<span class=sf-dump-public title=\"Runtime added dynamic property\">payment_table_id</span>\": <span class=sf-dump-const>null</span>
    </samp>}
    <span class=sf-dump-index>3</span> => {<a class=sf-dump-ref>#438</a><samp data-depth=3 class=sf-dump-compact>
      +\"<span class=sf-dump-public title=\"Runtime added dynamic property\">fees_payment_schedule_id</span>\": <span class=sf-dump-num>15</span>
      +\"<span class=sf-dump-public title=\"Runtime added dynamic property\">start_date</span>\": \"<span class=sf-dump-str title=\"10 characters\">2025-05-21</span>\"
      +\"<span class=sf-dump-public title=\"Runtime added dynamic property\">end_date</span>\": \"<span class=sf-dump-str title=\"10 characters\">2025-05-27</span>\"
      +\"<span class=sf-dump-public title=\"Runtime added dynamic property\">extended_date</span>\": <span class=sf-dump-const>null</span>
      +\"<span class=sf-dump-public title=\"Runtime added dynamic property\">late_fine</span>\": <span class=sf-dump-const>null</span>
      +\"<span class=sf-dump-public title=\"Runtime added dynamic property\">fees_structure_id</span>\": <span class=sf-dump-num>24</span>
      +\"<span class=sf-dump-public title=\"Runtime added dynamic property\">academic_id</span>\": <span class=sf-dump-num>1</span>
      +\"<span class=sf-dump-public title=\"Runtime added dynamic property\">course_id</span>\": <span class=sf-dump-num>1</span>
      +\"<span class=sf-dump-public title=\"Runtime added dynamic property\">semester_id</span>\": <span class=sf-dump-num>4</span>
      +\"<span class=sf-dump-public title=\"Runtime added dynamic property\">semester_name</span>\": \"<span class=sf-dump-str title=\"3 characters\">4th</span>\"
      +\"<span class=sf-dump-public title=\"Runtime added dynamic property\">total_amount</span>\": \"<span class=sf-dump-str title=\"8 characters\">77000.00</span>\"
      +\"<span class=sf-dump-public title=\"Runtime added dynamic property\">payment_table_id</span>\": <span class=sf-dump-const>null</span>
    </samp>}
    <span class=sf-dump-index>4</span> => {<a class=sf-dump-ref>#439</a><samp data-depth=3 class=sf-dump-compact>
      +\"<span class=sf-dump-public title=\"Runtime added dynamic property\">fees_payment_schedule_id</span>\": <span class=sf-dump-num>16</span>
      +\"<span class=sf-dump-public title=\"Runtime added dynamic property\">start_date</span>\": \"<span class=sf-dump-str title=\"10 characters\">2025-05-21</span>\"
      +\"<span class=sf-dump-public title=\"Runtime added dynamic property\">end_date</span>\": \"<span class=sf-dump-str title=\"10 characters\">2025-05-28</span>\"
      +\"<span class=sf-dump-public title=\"Runtime added dynamic property\">extended_date</span>\": <span class=sf-dump-const>null</span>
      +\"<span class=sf-dump-public title=\"Runtime added dynamic property\">late_fine</span>\": <span class=sf-dump-const>null</span>
      +\"<span class=sf-dump-public title=\"Runtime added dynamic property\">fees_structure_id</span>\": <span class=sf-dump-num>25</span>
      +\"<span class=sf-dump-public title=\"Runtime added dynamic property\">academic_id</span>\": <span class=sf-dump-num>1</span>
      +\"<span class=sf-dump-public title=\"Runtime added dynamic property\">course_id</span>\": <span class=sf-dump-num>1</span>
      +\"<span class=sf-dump-public title=\"Runtime added dynamic property\">semester_id</span>\": <span class=sf-dump-num>5</span>
      +\"<span class=sf-dump-public title=\"Runtime added dynamic property\">semester_name</span>\": \"<span class=sf-dump-str title=\"3 characters\">5th</span>\"
      +\"<span class=sf-dump-public title=\"Runtime added dynamic property\">total_amount</span>\": \"<span class=sf-dump-str title=\"8 characters\">77000.00</span>\"
      +\"<span class=sf-dump-public title=\"Runtime added dynamic property\">payment_table_id</span>\": <span class=sf-dump-const>null</span>
    </samp>}
    <span class=sf-dump-index>5</span> => {<a class=sf-dump-ref>#441</a><samp data-depth=3 class=sf-dump-compact>
      +\"<span class=sf-dump-public title=\"Runtime added dynamic property\">fees_payment_schedule_id</span>\": <span class=sf-dump-num>17</span>
      +\"<span class=sf-dump-public title=\"Runtime added dynamic property\">start_date</span>\": \"<span class=sf-dump-str title=\"10 characters\">2025-05-21</span>\"
      +\"<span class=sf-dump-public title=\"Runtime added dynamic property\">end_date</span>\": \"<span class=sf-dump-str title=\"10 characters\">2025-05-28</span>\"
      +\"<span class=sf-dump-public title=\"Runtime added dynamic property\">extended_date</span>\": <span class=sf-dump-const>null</span>
      +\"<span class=sf-dump-public title=\"Runtime added dynamic property\">late_fine</span>\": <span class=sf-dump-const>null</span>
      +\"<span class=sf-dump-public title=\"Runtime added dynamic property\">fees_structure_id</span>\": <span class=sf-dump-num>28</span>
      +\"<span class=sf-dump-public title=\"Runtime added dynamic property\">academic_id</span>\": <span class=sf-dump-num>1</span>
      +\"<span class=sf-dump-public title=\"Runtime added dynamic property\">course_id</span>\": <span class=sf-dump-num>1</span>
      +\"<span class=sf-dump-public title=\"Runtime added dynamic property\">semester_id</span>\": <span class=sf-dump-num>6</span>
      +\"<span class=sf-dump-public title=\"Runtime added dynamic property\">semester_name</span>\": \"<span class=sf-dump-str title=\"3 characters\">6th</span>\"
      +\"<span class=sf-dump-public title=\"Runtime added dynamic property\">total_amount</span>\": \"<span class=sf-dump-str title=\"8 characters\">77000.00</span>\"
      +\"<span class=sf-dump-public title=\"Runtime added dynamic property\">payment_table_id</span>\": <span class=sf-dump-const>null</span>
    </samp>}
    <span class=sf-dump-index>6</span> => {<a class=sf-dump-ref>#442</a><samp data-depth=3 class=sf-dump-compact>
      +\"<span class=sf-dump-public title=\"Runtime added dynamic property\">fees_payment_schedule_id</span>\": <span class=sf-dump-num>18</span>
      +\"<span class=sf-dump-public title=\"Runtime added dynamic property\">start_date</span>\": \"<span class=sf-dump-str title=\"10 characters\">2025-05-21</span>\"
      +\"<span class=sf-dump-public title=\"Runtime added dynamic property\">end_date</span>\": \"<span class=sf-dump-str title=\"10 characters\">2025-05-28</span>\"
      +\"<span class=sf-dump-public title=\"Runtime added dynamic property\">extended_date</span>\": <span class=sf-dump-const>null</span>
      +\"<span class=sf-dump-public title=\"Runtime added dynamic property\">late_fine</span>\": <span class=sf-dump-const>null</span>
      +\"<span class=sf-dump-public title=\"Runtime added dynamic property\">fees_structure_id</span>\": <span class=sf-dump-num>26</span>
      +\"<span class=sf-dump-public title=\"Runtime added dynamic property\">academic_id</span>\": <span class=sf-dump-num>1</span>
      +\"<span class=sf-dump-public title=\"Runtime added dynamic property\">course_id</span>\": <span class=sf-dump-num>1</span>
      +\"<span class=sf-dump-public title=\"Runtime added dynamic property\">semester_id</span>\": <span class=sf-dump-num>7</span>
      +\"<span class=sf-dump-public title=\"Runtime added dynamic property\">semester_name</span>\": \"<span class=sf-dump-str title=\"3 characters\">7th</span>\"
      +\"<span class=sf-dump-public title=\"Runtime added dynamic property\">total_amount</span>\": \"<span class=sf-dump-str title=\"8 characters\">68000.00</span>\"
      +\"<span class=sf-dump-public title=\"Runtime added dynamic property\">payment_table_id</span>\": <span class=sf-dump-const>null</span>
    </samp>}
    <span class=sf-dump-index>7</span> => {<a class=sf-dump-ref>#444</a><samp data-depth=3 class=sf-dump-compact>
      +\"<span class=sf-dump-public title=\"Runtime added dynamic property\">fees_payment_schedule_id</span>\": <span class=sf-dump-num>19</span>
      +\"<span class=sf-dump-public title=\"Runtime added dynamic property\">start_date</span>\": \"<span class=sf-dump-str title=\"10 characters\">2025-05-21</span>\"
      +\"<span class=sf-dump-public title=\"Runtime added dynamic property\">end_date</span>\": \"<span class=sf-dump-str title=\"10 characters\">2025-05-27</span>\"
      +\"<span class=sf-dump-public title=\"Runtime added dynamic property\">extended_date</span>\": <span class=sf-dump-const>null</span>
      +\"<span class=sf-dump-public title=\"Runtime added dynamic property\">late_fine</span>\": <span class=sf-dump-const>null</span>
      +\"<span class=sf-dump-public title=\"Runtime added dynamic property\">fees_structure_id</span>\": <span class=sf-dump-num>27</span>
      +\"<span class=sf-dump-public title=\"Runtime added dynamic property\">academic_id</span>\": <span class=sf-dump-num>1</span>
      +\"<span class=sf-dump-public title=\"Runtime added dynamic property\">course_id</span>\": <span class=sf-dump-num>1</span>
      +\"<span class=sf-dump-public title=\"Runtime added dynamic property\">semester_id</span>\": <span class=sf-dump-num>8</span>
      +\"<span class=sf-dump-public title=\"Runtime added dynamic property\">semester_name</span>\": \"<span class=sf-dump-str title=\"3 characters\">8th</span>\"
      +\"<span class=sf-dump-public title=\"Runtime added dynamic property\">total_amount</span>\": \"<span class=sf-dump-str title=\"8 characters\">77000.00</span>\"
      +\"<span class=sf-dump-public title=\"Runtime added dynamic property\">payment_table_id</span>\": <span class=sf-dump-const>null</span>
    </samp>}
  </samp>]
  #<span class=sf-dump-protected title=\"Protected property\">escapeWhenCastingToString</span>: <span class=sf-dump-const>false</span>
</samp>}
</pre><script>Sfdump(\"sf-dump-1971473821\", {\"maxDepth\":3,\"maxStringLength\":160})</script>
","student_id":"<pre class=sf-dump id=sf-dump-110697670 data-indent-pad=\"  \">\"<span class=sf-dump-str title=\"2 characters\">27</span>\"
</pre><script>Sfdump(\"sf-dump-110697670\", {\"maxDepth\":3,\"maxStringLength\":160})</script>
"}},"exception":"[object] (Spatie\\LaravelIgnition\\Exceptions\\ViewException(code: 0): syntax error, unexpected variable \"$current_date\" at C:\\xampp\\htdocs\\Laravel\\student_registration\\resources\\views\\student\\feesPaymentPanel.blade.php:35)
[stacktrace]
#0 C:\\xampp\\htdocs\\Laravel\\student_registration\\vendor\\laravel\\framework\\src\\Illuminate\\Filesystem\\Filesystem.php(110): Illuminate\\Filesystem\\Filesystem::Illuminate\\Filesystem\\{closure}()
#1 C:\\xampp\\htdocs\\Laravel\\student_registration\\vendor\\laravel\\framework\\src\\Illuminate\\View\\Engines\\PhpEngine.php(58): Illuminate\\Filesystem\\Filesystem->getRequire('C:\\\\xampp\\\\htdocs...', Array)
#2 C:\\xampp\\htdocs\\Laravel\\student_registration\\vendor\\laravel\\framework\\src\\Illuminate\\View\\Engines\\CompilerEngine.php(70): Illuminate\\View\\Engines\\PhpEngine->evaluatePath('C:\\\\xampp\\\\htdocs...', Array)
#3 C:\\xampp\\htdocs\\Laravel\\student_registration\\vendor\\laravel\\framework\\src\\Illuminate\\View\\View.php(195): Illuminate\\View\\Engines\\CompilerEngine->get('C:\\\\xampp\\\\htdocs...', Array)
#4 C:\\xampp\\htdocs\\Laravel\\student_registration\\vendor\\laravel\\framework\\src\\Illuminate\\View\\View.php(178): Illuminate\\View\\View->getContents()
#5 C:\\xampp\\htdocs\\Laravel\\student_registration\\vendor\\laravel\\framework\\src\\Illuminate\\View\\View.php(147): Illuminate\\View\\View->renderContents()
#6 C:\\xampp\\htdocs\\Laravel\\student_registration\\vendor\\laravel\\framework\\src\\Illuminate\\Http\\Response.php(69): Illuminate\\View\\View->render()
#7 C:\\xampp\\htdocs\\Laravel\\student_registration\\vendor\\laravel\\framework\\src\\Illuminate\\Http\\Response.php(35): Illuminate\\Http\\Response->setContent(Object(Illuminate\\View\\View))
#8 C:\\xampp\\htdocs\\Laravel\\student_registration\\vendor\\laravel\\framework\\src\\Illuminate\\Routing\\Router.php(906): Illuminate\\Http\\Response->__construct(Object(Illuminate\\View\\View), 200, Array)
#9 C:\\xampp\\htdocs\\Laravel\\student_registration\\vendor\\laravel\\framework\\src\\Illuminate\\Routing\\Router.php(875): Illuminate\\Routing\\Router::toResponse(Object(Illuminate\\Http\\Request), Object(Illuminate\\View\\View))
#10 C:\\xampp\\htdocs\\Laravel\\student_registration\\vendor\\laravel\\framework\\src\\Illuminate\\Routing\\Router.php(798): Illuminate\\Routing\\Router->prepareResponse(Object(Illuminate\\Http\\Request), Object(Illuminate\\View\\View))
#11 C:\\xampp\\htdocs\\Laravel\\student_registration\\vendor\\laravel\\framework\\src\\Illuminate\\Pipeline\\Pipeline.php(141): Illuminate\\Routing\\Router->Illuminate\\Routing\\{closure}(Object(Illuminate\\Http\\Request))
#12 C:\\xampp\\htdocs\\Laravel\\student_registration\\vendor\\laravel\\framework\\src\\Illuminate\\Routing\\Middleware\\SubstituteBindings.php(50): Illuminate\\Pipeline\\Pipeline->Illuminate\\Pipeline\\{closure}(Object(Illuminate\\Http\\Request))
#13 C:\\xampp\\htdocs\\Laravel\\student_registration\\vendor\\laravel\\framework\\src\\Illuminate\\Pipeline\\Pipeline.php(180): Illuminate\\Routing\\Middleware\\SubstituteBindings->handle(Object(Illuminate\\Http\\Request), Object(Closure))
#14 C:\\xampp\\htdocs\\Laravel\\student_registration\\vendor\\laravel\\framework\\src\\Illuminate\\Foundation\\Http\\Middleware\\VerifyCsrfToken.php(78): Illuminate\\Pipeline\\Pipeline->Illuminate\\Pipeline\\{closure}(Object(Illuminate\\Http\\Request))
#15 C:\\xampp\\htdocs\\Laravel\\student_registration\\vendor\\laravel\\framework\\src\\Illuminate\\Pipeline\\Pipeline.php(180): Illuminate\\Foundation\\Http\\Middleware\\VerifyCsrfToken->handle(Object(Illuminate\\Http\\Request), Object(Closure))
#16 C:\\xampp\\htdocs\\Laravel\\student_registration\\vendor\\laravel\\framework\\src\\Illuminate\\View\\Middleware\\ShareErrorsFromSession.php(49): Illuminate\\Pipeline\\Pipeline->Illuminate\\Pipeline\\{closure}(Object(Illuminate\\Http\\Request))
#17 C:\\xampp\\htdocs\\Laravel\\student_registration\\vendor\\laravel\\framework\\src\\Illuminate\\Pipeline\\Pipeline.php(180): Illuminate\\View\\Middleware\\ShareErrorsFromSession->handle(Object(Illuminate\\Http\\Request), Object(Closure))
#18 C:\\xampp\\htdocs\\Laravel\\student_registration\\vendor\\laravel\\framework\\src\\Illuminate\\Session\\Middleware\\StartSession.php(121): Illuminate\\Pipeline\\Pipeline->Illuminate\\Pipeline\\{closure}(Object(Illuminate\\Http\\Request))
#19 C:\\xampp\\htdocs\\Laravel\\student_registration\\vendor\\laravel\\framework\\src\\Illuminate\\Session\\Middleware\\StartSession.php(64): Illuminate\\Session\\Middleware\\StartSession->handleStatefulRequest(Object(Illuminate\\Http\\Request), Object(Illuminate\\Session\\Store), Object(Closure))
#20 C:\\xampp\\htdocs\\Laravel\\student_registration\\vendor\\laravel\\framework\\src\\Illuminate\\Pipeline\\Pipeline.php(180): Illuminate\\Session\\Middleware\\StartSession->handle(Object(Illuminate\\Http\\Request), Object(Closure))
#21 C:\\xampp\\htdocs\\Laravel\\student_registration\\vendor\\laravel\\framework\\src\\Illuminate\\Cookie\\Middleware\\AddQueuedCookiesToResponse.php(37): Illuminate\\Pipeline\\Pipeline->Illuminate\\Pipeline\\{closure}(Object(Illuminate\\Http\\Request))
#22 C:\\xampp\\htdocs\\Laravel\\student_registration\\vendor\\laravel\\framework\\src\\Illuminate\\Pipeline\\Pipeline.php(180): Illuminate\\Cookie\\Middleware\\AddQueuedCookiesToResponse->handle(Object(Illuminate\\Http\\Request), Object(Closure))
#23 C:\\xampp\\htdocs\\Laravel\\student_registration\\vendor\\laravel\\framework\\src\\Illuminate\\Cookie\\Middleware\\EncryptCookies.php(67): Illuminate\\Pipeline\\Pipeline->Illuminate\\Pipeline\\{closure}(Object(Illuminate\\Http\\Request))
#24 C:\\xampp\\htdocs\\Laravel\\student_registration\\vendor\\laravel\\framework\\src\\Illuminate\\Pipeline\\Pipeline.php(180): Illuminate\\Cookie\\Middleware\\EncryptCookies->handle(Object(Illuminate\\Http\\Request), Object(Closure))
#25 C:\\xampp\\htdocs\\Laravel\\student_registration\\vendor\\laravel\\framework\\src\\Illuminate\\Pipeline\\Pipeline.php(116): Illuminate\\Pipeline\\Pipeline->Illuminate\\Pipeline\\{closure}(Object(Illuminate\\Http\\Request))
#26 C:\\xampp\\htdocs\\Laravel\\student_registration\\vendor\\laravel\\framework\\src\\Illuminate\\Routing\\Router.php(799): Illuminate\\Pipeline\\Pipeline->then(Object(Closure))
#27 C:\\xampp\\htdocs\\Laravel\\student_registration\\vendor\\laravel\\framework\\src\\Illuminate\\Routing\\Router.php(776): Illuminate\\Routing\\Router->runRouteWithinStack(Object(Illuminate\\Routing\\Route), Object(Illuminate\\Http\\Request))
#28 C:\\xampp\\htdocs\\Laravel\\student_registration\\vendor\\laravel\\framework\\src\\Illuminate\\Routing\\Router.php(740): Illuminate\\Routing\\Router->runRoute(Object(Illuminate\\Http\\Request), Object(Illuminate\\Routing\\Route))
#29 C:\\xampp\\htdocs\\Laravel\\student_registration\\vendor\\laravel\\framework\\src\\Illuminate\\Routing\\Router.php(729): Illuminate\\Routing\\Router->dispatchToRoute(Object(Illuminate\\Http\\Request))
#30 C:\\xampp\\htdocs\\Laravel\\student_registration\\vendor\\laravel\\framework\\src\\Illuminate\\Foundation\\Http\\Kernel.php(190): Illuminate\\Routing\\Router->dispatch(Object(Illuminate\\Http\\Request))
#31 C:\\xampp\\htdocs\\Laravel\\student_registration\\vendor\\laravel\\framework\\src\\Illuminate\\Pipeline\\Pipeline.php(141): Illuminate\\Foundation\\Http\\Kernel->Illuminate\\Foundation\\Http\\{closure}(Object(Illuminate\\Http\\Request))
#32 C:\\xampp\\htdocs\\Laravel\\student_registration\\vendor\\laravel\\framework\\src\\Illuminate\\Foundation\\Http\\Middleware\\TransformsRequest.php(21): Illuminate\\Pipeline\\Pipeline->Illuminate\\Pipeline\\{closure}(Object(Illuminate\\Http\\Request))
#33 C:\\xampp\\htdocs\\Laravel\\student_registration\\vendor\\laravel\\framework\\src\\Illuminate\\Foundation\\Http\\Middleware\\ConvertEmptyStringsToNull.php(31): Illuminate\\Foundation\\Http\\Middleware\\TransformsRequest->handle(Object(Illuminate\\Http\\Request), Object(Closure))
#34 C:\\xampp\\htdocs\\Laravel\\student_registration\\vendor\\laravel\\framework\\src\\Illuminate\\Pipeline\\Pipeline.php(180): Illuminate\\Foundation\\Http\\Middleware\\ConvertEmptyStringsToNull->handle(Object(Illuminate\\Http\\Request), Object(Closure))
#35 C:\\xampp\\htdocs\\Laravel\\student_registration\\vendor\\laravel\\framework\\src\\Illuminate\\Foundation\\Http\\Middleware\\TransformsRequest.php(21): Illuminate\\Pipeline\\Pipeline->Illuminate\\Pipeline\\{closure}(Object(Illuminate\\Http\\Request))
#36 C:\\xampp\\htdocs\\Laravel\\student_registration\\vendor\\laravel\\framework\\src\\Illuminate\\Foundation\\Http\\Middleware\\TrimStrings.php(40): Illuminate\\Foundation\\Http\\Middleware\\TransformsRequest->handle(Object(Illuminate\\Http\\Request), Object(Closure))
#37 C:\\xampp\\htdocs\\Laravel\\student_registration\\vendor\\laravel\\framework\\src\\Illuminate\\Pipeline\\Pipeline.php(180): Illuminate\\Foundation\\Http\\Middleware\\TrimStrings->handle(Object(Illuminate\\Http\\Request), Object(Closure))
#38 C:\\xampp\\htdocs\\Laravel\\student_registration\\vendor\\laravel\\framework\\src\\Illuminate\\Foundation\\Http\\Middleware\\ValidatePostSize.php(27): Illuminate\\Pipeline\\Pipeline->Illuminate\\Pipeline\\{closure}(Object(Illuminate\\Http\\Request))
#39 C:\\xampp\\htdocs\\Laravel\\student_registration\\vendor\\laravel\\framework\\src\\Illuminate\\Pipeline\\Pipeline.php(180): Illuminate\\Foundation\\Http\\Middleware\\ValidatePostSize->handle(Object(Illuminate\\Http\\Request), Object(Closure))
#40 C:\\xampp\\htdocs\\Laravel\\student_registration\\vendor\\laravel\\framework\\src\\Illuminate\\Foundation\\Http\\Middleware\\PreventRequestsDuringMaintenance.php(86): Illuminate\\Pipeline\\Pipeline->Illuminate\\Pipeline\\{closure}(Object(Illuminate\\Http\\Request))
#41 C:\\xampp\\htdocs\\Laravel\\student_registration\\vendor\\laravel\\framework\\src\\Illuminate\\Pipeline\\Pipeline.php(180): Illuminate\\Foundation\\Http\\Middleware\\PreventRequestsDuringMaintenance->handle(Object(Illuminate\\Http\\Request), Object(Closure))
#42 C:\\xampp\\htdocs\\Laravel\\student_registration\\vendor\\fruitcake\\laravel-cors\\src\\HandleCors.php(38): Illuminate\\Pipeline\\Pipeline->Illuminate\\Pipeline\\{closure}(Object(Illuminate\\Http\\Request))
#43 C:\\xampp\\htdocs\\Laravel\\student_registration\\vendor\\laravel\\framework\\src\\Illuminate\\Pipeline\\Pipeline.php(180): Fruitcake\\Cors\\HandleCors->handle(Object(Illuminate\\Http\\Request), Object(Closure))
#44 C:\\xampp\\htdocs\\Laravel\\student_registration\\vendor\\laravel\\framework\\src\\Illuminate\\Http\\Middleware\\TrustProxies.php(39): Illuminate\\Pipeline\\Pipeline->Illuminate\\Pipeline\\{closure}(Object(Illuminate\\Http\\Request))
#45 C:\\xampp\\htdocs\\Laravel\\student_registration\\vendor\\laravel\\framework\\src\\Illuminate\\Pipeline\\Pipeline.php(180): Illuminate\\Http\\Middleware\\TrustProxies->handle(Object(Illuminate\\Http\\Request), Object(Closure))
#46 C:\\xampp\\htdocs\\Laravel\\student_registration\\vendor\\laravel\\framework\\src\\Illuminate\\Pipeline\\Pipeline.php(116): Illuminate\\Pipeline\\Pipeline->Illuminate\\Pipeline\\{closure}(Object(Illuminate\\Http\\Request))
#47 C:\\xampp\\htdocs\\Laravel\\student_registration\\vendor\\laravel\\framework\\src\\Illuminate\\Foundation\\Http\\Kernel.php(165): Illuminate\\Pipeline\\Pipeline->then(Object(Closure))
#48 C:\\xampp\\htdocs\\Laravel\\student_registration\\vendor\\laravel\\framework\\src\\Illuminate\\Foundation\\Http\\Kernel.php(134): Illuminate\\Foundation\\Http\\Kernel->sendRequestThroughRouter(Object(Illuminate\\Http\\Request))
#49 C:\\xampp\\htdocs\\Laravel\\student_registration\\public\\index.php(52): Illuminate\\Foundation\\Http\\Kernel->handle(Object(Illuminate\\Http\\Request))
#50 C:\\xampp\\htdocs\\Laravel\\student_registration\\vendor\\laravel\\framework\\src\\Illuminate\\Foundation\\resources\\server.php(16): require_once('C:\\\\xampp\\\\htdocs...')
#51 {main}

[previous exception] [object] (ParseError(code: 0): syntax error, unexpected variable \"$current_date\" at C:\\xampp\\htdocs\\Laravel\\student_registration\\storage\\framework\\views\\66a96712e52ba07e5c52cd46260a04d5c5a7f108.php:37)
[stacktrace]
#0 C:\\xampp\\htdocs\\Laravel\\student_registration\\vendor\\laravel\\framework\\src\\Illuminate\\Filesystem\\Filesystem.php(110): Illuminate\\Filesystem\\Filesystem::Illuminate\\Filesystem\\{closure}()
#1 C:\\xampp\\htdocs\\Laravel\\student_registration\\vendor\\laravel\\framework\\src\\Illuminate\\View\\Engines\\PhpEngine.php(58): Illuminate\\Filesystem\\Filesystem->getRequire('C:\\\\xampp\\\\htdocs...', Array)
#2 C:\\xampp\\htdocs\\Laravel\\student_registration\\vendor\\laravel\\framework\\src\\Illuminate\\View\\Engines\\CompilerEngine.php(70): Illuminate\\View\\Engines\\PhpEngine->evaluatePath('C:\\\\xampp\\\\htdocs...', Array)
#3 C:\\xampp\\htdocs\\Laravel\\student_registration\\vendor\\laravel\\framework\\src\\Illuminate\\View\\View.php(195): Illuminate\\View\\Engines\\CompilerEngine->get('C:\\\\xampp\\\\htdocs...', Array)
#4 C:\\xampp\\htdocs\\Laravel\\student_registration\\vendor\\laravel\\framework\\src\\Illuminate\\View\\View.php(178): Illuminate\\View\\View->getContents()
#5 C:\\xampp\\htdocs\\Laravel\\student_registration\\vendor\\laravel\\framework\\src\\Illuminate\\View\\View.php(147): Illuminate\\View\\View->renderContents()
#6 C:\\xampp\\htdocs\\Laravel\\student_registration\\vendor\\laravel\\framework\\src\\Illuminate\\Http\\Response.php(69): Illuminate\\View\\View->render()
#7 C:\\xampp\\htdocs\\Laravel\\student_registration\\vendor\\laravel\\framework\\src\\Illuminate\\Http\\Response.php(35): Illuminate\\Http\\Response->setContent(Object(Illuminate\\View\\View))
#8 C:\\xampp\\htdocs\\Laravel\\student_registration\\vendor\\laravel\\framework\\src\\Illuminate\\Routing\\Router.php(906): Illuminate\\Http\\Response->__construct(Object(Illuminate\\View\\View), 200, Array)
#9 C:\\xampp\\htdocs\\Laravel\\student_registration\\vendor\\laravel\\framework\\src\\Illuminate\\Routing\\Router.php(875): Illuminate\\Routing\\Router::toResponse(Object(Illuminate\\Http\\Request), Object(Illuminate\\View\\View))
#10 C:\\xampp\\htdocs\\Laravel\\student_registration\\vendor\\laravel\\framework\\src\\Illuminate\\Routing\\Router.php(798): Illuminate\\Routing\\Router->prepareResponse(Object(Illuminate\\Http\\Request), Object(Illuminate\\View\\View))
#11 C:\\xampp\\htdocs\\Laravel\\student_registration\\vendor\\laravel\\framework\\src\\Illuminate\\Pipeline\\Pipeline.php(141): Illuminate\\Routing\\Router->Illuminate\\Routing\\{closure}(Object(Illuminate\\Http\\Request))
#12 C:\\xampp\\htdocs\\Laravel\\student_registration\\vendor\\laravel\\framework\\src\\Illuminate\\Routing\\Middleware\\SubstituteBindings.php(50): Illuminate\\Pipeline\\Pipeline->Illuminate\\Pipeline\\{closure}(Object(Illuminate\\Http\\Request))
#13 C:\\xampp\\htdocs\\Laravel\\student_registration\\vendor\\laravel\\framework\\src\\Illuminate\\Pipeline\\Pipeline.php(180): Illuminate\\Routing\\Middleware\\SubstituteBindings->handle(Object(Illuminate\\Http\\Request), Object(Closure))
#14 C:\\xampp\\htdocs\\Laravel\\student_registration\\vendor\\laravel\\framework\\src\\Illuminate\\Foundation\\Http\\Middleware\\VerifyCsrfToken.php(78): Illuminate\\Pipeline\\Pipeline->Illuminate\\Pipeline\\{closure}(Object(Illuminate\\Http\\Request))
#15 C:\\xampp\\htdocs\\Laravel\\student_registration\\vendor\\laravel\\framework\\src\\Illuminate\\Pipeline\\Pipeline.php(180): Illuminate\\Foundation\\Http\\Middleware\\VerifyCsrfToken->handle(Object(Illuminate\\Http\\Request), Object(Closure))
#16 C:\\xampp\\htdocs\\Laravel\\student_registration\\vendor\\laravel\\framework\\src\\Illuminate\\View\\Middleware\\ShareErrorsFromSession.php(49): Illuminate\\Pipeline\\Pipeline->Illuminate\\Pipeline\\{closure}(Object(Illuminate\\Http\\Request))
#17 C:\\xampp\\htdocs\\Laravel\\student_registration\\vendor\\laravel\\framework\\src\\Illuminate\\Pipeline\\Pipeline.php(180): Illuminate\\View\\Middleware\\ShareErrorsFromSession->handle(Object(Illuminate\\Http\\Request), Object(Closure))
#18 C:\\xampp\\htdocs\\Laravel\\student_registration\\vendor\\laravel\\framework\\src\\Illuminate\\Session\\Middleware\\StartSession.php(121): Illuminate\\Pipeline\\Pipeline->Illuminate\\Pipeline\\{closure}(Object(Illuminate\\Http\\Request))
#19 C:\\xampp\\htdocs\\Laravel\\student_registration\\vendor\\laravel\\framework\\src\\Illuminate\\Session\\Middleware\\StartSession.php(64): Illuminate\\Session\\Middleware\\StartSession->handleStatefulRequest(Object(Illuminate\\Http\\Request), Object(Illuminate\\Session\\Store), Object(Closure))
#20 C:\\xampp\\htdocs\\Laravel\\student_registration\\vendor\\laravel\\framework\\src\\Illuminate\\Pipeline\\Pipeline.php(180): Illuminate\\Session\\Middleware\\StartSession->handle(Object(Illuminate\\Http\\Request), Object(Closure))
#21 C:\\xampp\\htdocs\\Laravel\\student_registration\\vendor\\laravel\\framework\\src\\Illuminate\\Cookie\\Middleware\\AddQueuedCookiesToResponse.php(37): Illuminate\\Pipeline\\Pipeline->Illuminate\\Pipeline\\{closure}(Object(Illuminate\\Http\\Request))
#22 C:\\xampp\\htdocs\\Laravel\\student_registration\\vendor\\laravel\\framework\\src\\Illuminate\\Pipeline\\Pipeline.php(180): Illuminate\\Cookie\\Middleware\\AddQueuedCookiesToResponse->handle(Object(Illuminate\\Http\\Request), Object(Closure))
#23 C:\\xampp\\htdocs\\Laravel\\student_registration\\vendor\\laravel\\framework\\src\\Illuminate\\Cookie\\Middleware\\EncryptCookies.php(67): Illuminate\\Pipeline\\Pipeline->Illuminate\\Pipeline\\{closure}(Object(Illuminate\\Http\\Request))
#24 C:\\xampp\\htdocs\\Laravel\\student_registration\\vendor\\laravel\\framework\\src\\Illuminate\\Pipeline\\Pipeline.php(180): Illuminate\\Cookie\\Middleware\\EncryptCookies->handle(Object(Illuminate\\Http\\Request), Object(Closure))
#25 C:\\xampp\\htdocs\\Laravel\\student_registration\\vendor\\laravel\\framework\\src\\Illuminate\\Pipeline\\Pipeline.php(116): Illuminate\\Pipeline\\Pipeline->Illuminate\\Pipeline\\{closure}(Object(Illuminate\\Http\\Request))
#26 C:\\xampp\\htdocs\\Laravel\\student_registration\\vendor\\laravel\\framework\\src\\Illuminate\\Routing\\Router.php(799): Illuminate\\Pipeline\\Pipeline->then(Object(Closure))
#27 C:\\xampp\\htdocs\\Laravel\\student_registration\\vendor\\laravel\\framework\\src\\Illuminate\\Routing\\Router.php(776): Illuminate\\Routing\\Router->runRouteWithinStack(Object(Illuminate\\Routing\\Route), Object(Illuminate\\Http\\Request))
#28 C:\\xampp\\htdocs\\Laravel\\student_registration\\vendor\\laravel\\framework\\src\\Illuminate\\Routing\\Router.php(740): Illuminate\\Routing\\Router->runRoute(Object(Illuminate\\Http\\Request), Object(Illuminate\\Routing\\Route))
#29 C:\\xampp\\htdocs\\Laravel\\student_registration\\vendor\\laravel\\framework\\src\\Illuminate\\Routing\\Router.php(729): Illuminate\\Routing\\Router->dispatchToRoute(Object(Illuminate\\Http\\Request))
#30 C:\\xampp\\htdocs\\Laravel\\student_registration\\vendor\\laravel\\framework\\src\\Illuminate\\Foundation\\Http\\Kernel.php(190): Illuminate\\Routing\\Router->dispatch(Object(Illuminate\\Http\\Request))
#31 C:\\xampp\\htdocs\\Laravel\\student_registration\\vendor\\laravel\\framework\\src\\Illuminate\\Pipeline\\Pipeline.php(141): Illuminate\\Foundation\\Http\\Kernel->Illuminate\\Foundation\\Http\\{closure}(Object(Illuminate\\Http\\Request))
#32 C:\\xampp\\htdocs\\Laravel\\student_registration\\vendor\\laravel\\framework\\src\\Illuminate\\Foundation\\Http\\Middleware\\TransformsRequest.php(21): Illuminate\\Pipeline\\Pipeline->Illuminate\\Pipeline\\{closure}(Object(Illuminate\\Http\\Request))
#33 C:\\xampp\\htdocs\\Laravel\\student_registration\\vendor\\laravel\\framework\\src\\Illuminate\\Foundation\\Http\\Middleware\\ConvertEmptyStringsToNull.php(31): Illuminate\\Foundation\\Http\\Middleware\\TransformsRequest->handle(Object(Illuminate\\Http\\Request), Object(Closure))
#34 C:\\xampp\\htdocs\\Laravel\\student_registration\\vendor\\laravel\\framework\\src\\Illuminate\\Pipeline\\Pipeline.php(180): Illuminate\\Foundation\\Http\\Middleware\\ConvertEmptyStringsToNull->handle(Object(Illuminate\\Http\\Request), Object(Closure))
#35 C:\\xampp\\htdocs\\Laravel\\student_registration\\vendor\\laravel\\framework\\src\\Illuminate\\Foundation\\Http\\Middleware\\TransformsRequest.php(21): Illuminate\\Pipeline\\Pipeline->Illuminate\\Pipeline\\{closure}(Object(Illuminate\\Http\\Request))
#36 C:\\xampp\\htdocs\\Laravel\\student_registration\\vendor\\laravel\\framework\\src\\Illuminate\\Foundation\\Http\\Middleware\\TrimStrings.php(40): Illuminate\\Foundation\\Http\\Middleware\\TransformsRequest->handle(Object(Illuminate\\Http\\Request), Object(Closure))
#37 C:\\xampp\\htdocs\\Laravel\\student_registration\\vendor\\laravel\\framework\\src\\Illuminate\\Pipeline\\Pipeline.php(180): Illuminate\\Foundation\\Http\\Middleware\\TrimStrings->handle(Object(Illuminate\\Http\\Request), Object(Closure))
#38 C:\\xampp\\htdocs\\Laravel\\student_registration\\vendor\\laravel\\framework\\src\\Illuminate\\Foundation\\Http\\Middleware\\ValidatePostSize.php(27): Illuminate\\Pipeline\\Pipeline->Illuminate\\Pipeline\\{closure}(Object(Illuminate\\Http\\Request))
#39 C:\\xampp\\htdocs\\Laravel\\student_registration\\vendor\\laravel\\framework\\src\\Illuminate\\Pipeline\\Pipeline.php(180): Illuminate\\Foundation\\Http\\Middleware\\ValidatePostSize->handle(Object(Illuminate\\Http\\Request), Object(Closure))
#40 C:\\xampp\\htdocs\\Laravel\\student_registration\\vendor\\laravel\\framework\\src\\Illuminate\\Foundation\\Http\\Middleware\\PreventRequestsDuringMaintenance.php(86): Illuminate\\Pipeline\\Pipeline->Illuminate\\Pipeline\\{closure}(Object(Illuminate\\Http\\Request))
#41 C:\\xampp\\htdocs\\Laravel\\student_registration\\vendor\\laravel\\framework\\src\\Illuminate\\Pipeline\\Pipeline.php(180): Illuminate\\Foundation\\Http\\Middleware\\PreventRequestsDuringMaintenance->handle(Object(Illuminate\\Http\\Request), Object(Closure))
#42 C:\\xampp\\htdocs\\Laravel\\student_registration\\vendor\\fruitcake\\laravel-cors\\src\\HandleCors.php(38): Illuminate\\Pipeline\\Pipeline->Illuminate\\Pipeline\\{closure}(Object(Illuminate\\Http\\Request))
#43 C:\\xampp\\htdocs\\Laravel\\student_registration\\vendor\\laravel\\framework\\src\\Illuminate\\Pipeline\\Pipeline.php(180): Fruitcake\\Cors\\HandleCors->handle(Object(Illuminate\\Http\\Request), Object(Closure))
#44 C:\\xampp\\htdocs\\Laravel\\student_registration\\vendor\\laravel\\framework\\src\\Illuminate\\Http\\Middleware\\TrustProxies.php(39): Illuminate\\Pipeline\\Pipeline->Illuminate\\Pipeline\\{closure}(Object(Illuminate\\Http\\Request))
#45 C:\\xampp\\htdocs\\Laravel\\student_registration\\vendor\\laravel\\framework\\src\\Illuminate\\Pipeline\\Pipeline.php(180): Illuminate\\Http\\Middleware\\TrustProxies->handle(Object(Illuminate\\Http\\Request), Object(Closure))
#46 C:\\xampp\\htdocs\\Laravel\\student_registration\\vendor\\laravel\\framework\\src\\Illuminate\\Pipeline\\Pipeline.php(116): Illuminate\\Pipeline\\Pipeline->Illuminate\\Pipeline\\{closure}(Object(Illuminate\\Http\\Request))
#47 C:\\xampp\\htdocs\\Laravel\\student_registration\\vendor\\laravel\\framework\\src\\Illuminate\\Foundation\\Http\\Kernel.php(165): Illuminate\\Pipeline\\Pipeline->then(Object(Closure))
#48 C:\\xampp\\htdocs\\Laravel\\student_registration\\vendor\\laravel\\framework\\src\\Illuminate\\Foundation\\Http\\Kernel.php(134): Illuminate\\Foundation\\Http\\Kernel->sendRequestThroughRouter(Object(Illuminate\\Http\\Request))
#49 C:\\xampp\\htdocs\\Laravel\\student_registration\\public\\index.php(52): Illuminate\\Foundation\\Http\\Kernel->handle(Object(Illuminate\\Http\\Request))
#50 C:\\xampp\\htdocs\\Laravel\\student_registration\\vendor\\laravel\\framework\\src\\Illuminate\\Foundation\\resources\\server.php(16): require_once('C:\\\\xampp\\\\htdocs...')
#51 {main}
"} 
[2025-05-21 11:14:02] local.INFO: Student_id from the studentFeesPaymentPageOpen:  ["27"] 
[2025-05-21 11:14:14] local.INFO: Student_id from the studentFeesPaymentPageOpen:  ["27"] 
[2025-05-21 11:14:48] local.INFO: In the adminPaymentScheduleUpdateForm controller function  
[2025-05-21 11:14:48] local.INFO: From the model schedulwPAyemnt  
[2025-05-21 11:14:48] local.INFO: fees_structure_id:  ["23"] 
[2025-05-21 11:14:53] local.INFO: Student_id from the studentFeesPaymentPageOpen:  ["27"] 
[2025-05-21 11:18:01] local.INFO: In the adminPaymentScheduleUpdateForm controller function  
[2025-05-21 11:18:01] local.INFO: From the model schedulwPAyemnt  
[2025-05-21 11:18:01] local.INFO: fees_structure_id:  ["23"] 
[2025-05-21 11:18:06] local.INFO: Student_id from the studentFeesPaymentPageOpen:  ["27"] 
[2025-05-21 11:19:31] local.INFO: Student_id from the studentFeesPaymentPageOpen:  ["27"] 
[2025-05-21 11:19:51] local.INFO: In the adminPaymentScheduleUpdateForm controller function  
[2025-05-21 11:19:51] local.INFO: From the model schedulwPAyemnt  
[2025-05-21 11:19:51] local.INFO: fees_structure_id:  ["23"] 
[2025-05-21 11:19:57] local.INFO: Student_id from the studentFeesPaymentPageOpen:  ["27"] 
[2025-05-21 11:21:33] local.INFO: Student_id from the studentFeesPaymentPageOpen:  ["27"] 
[2025-05-21 11:21:59] local.INFO: Student_id from the studentFeesPaymentPageOpen:  ["27"] 
[2025-05-21 11:22:27] local.INFO: Student_id from the studentFeesPaymentPageOpen:  ["27"] 
[2025-05-21 11:22:37] local.INFO: In the adminPaymentScheduleUpdateForm controller function  
[2025-05-21 11:22:37] local.INFO: From the model schedulwPAyemnt  
[2025-05-21 11:22:37] local.INFO: fees_structure_id:  ["23"] 
[2025-05-21 11:22:42] local.INFO: Student_id from the studentFeesPaymentPageOpen:  ["27"] 
[2025-05-21 11:23:29] local.INFO: Student_id from the studentFeesPaymentPageOpen:  ["27"] 
[2025-05-21 11:23:45] local.INFO: In the studentPayFeesSubmit controller form  
[2025-05-21 11:23:45] local.INFO: PR20250001  
[2025-05-21 11:23:45] local.INFO: studentPayFeesSubmit Data:  {"fees_structure_id":"17","student_id":"27","total_amount":"57000.00","late_fine":"0","payment_date":"2025-05-21","reciept_number":"PR20250001"} 
[2025-05-21 11:23:46] local.INFO: Student_id from the studentFeesPaymentPageOpen:  ["27"] 
[2025-05-21 11:23:50] local.INFO: In the downloadFeesRecieptt controller form  
[2025-05-21 11:23:50] local.INFO: In the downloadFeesRecieptt controller form student_id: [27] 
[2025-05-21 11:23:50] local.INFO: Validated data from the controller:  {"fees_structure_id":"17","student_id":"27"} 
[2025-05-21 11:23:50] local.INFO: Validated data:  {"fees_structure_id":"17","student_id":"27"} 
[2025-05-21 11:24:30] local.INFO: In the downloadFeesRecieptt controller form  
[2025-05-21 11:24:30] local.INFO: In the downloadFeesRecieptt controller form student_id: [27] 
[2025-05-21 11:24:30] local.INFO: Validated data from the controller:  {"fees_structure_id":"17","student_id":"27"} 
[2025-05-21 11:24:30] local.INFO: Validated data:  {"fees_structure_id":"17","student_id":"27"} 
[2025-05-21 11:24:50] local.INFO: In the adminPaymentScheduleUpdateForm controller function  
[2025-05-21 11:24:50] local.INFO: From the model schedulwPAyemnt  
[2025-05-21 11:24:50] local.INFO: fees_structure_id:  ["23"] 
[2025-05-21 11:24:55] local.INFO: Student_id from the studentFeesPaymentPageOpen:  ["27"] 
[2025-05-21 11:24:59] local.INFO: In the downloadFeesRecieptt controller form  
[2025-05-21 11:24:59] local.INFO: In the downloadFeesRecieptt controller form student_id: [27] 
[2025-05-21 11:24:59] local.INFO: Validated data from the controller:  {"fees_structure_id":"17","student_id":"27"} 
[2025-05-21 11:24:59] local.INFO: Validated data:  {"fees_structure_id":"17","student_id":"27"} 
[2025-05-21 11:25:06] local.INFO: In the studentPayFeesSubmit controller form  
[2025-05-21 11:25:06] local.INFO: PR20250002  
[2025-05-21 11:25:06] local.INFO: studentPayFeesSubmit Data:  {"fees_structure_id":"23","student_id":"27","total_amount":"77020","late_fine":"20","payment_date":"2025-05-21","reciept_number":"PR20250002"} 
[2025-05-21 11:25:07] local.INFO: Student_id from the studentFeesPaymentPageOpen:  ["27"] 
[2025-05-21 11:25:11] local.INFO: In the downloadFeesRecieptt controller form  
[2025-05-21 11:25:11] local.INFO: In the downloadFeesRecieptt controller form student_id: [27] 
[2025-05-21 11:25:11] local.INFO: Validated data from the controller:  {"fees_structure_id":"23","student_id":"27"} 
[2025-05-21 11:25:11] local.INFO: Validated data:  {"fees_structure_id":"23","student_id":"27"} 
