[2025-04-17 07:02:16] local.INFO: search_term: {"value":"west"} 
[2025-04-17 07:02:21] local.INFO: search_term: {"value":"west"} 
[2025-04-17 07:02:34] local.INFO: search_term: {"value":"tamil"} 
[2025-04-17 07:02:44] local.INFO: search_term: {"value":null} 
[2025-04-17 07:02:52] local.INFO: search_term: {"value":null} 
[2025-04-17 07:02:58] local.INFO: search_term: {"value":null} 
[2025-04-17 07:03:06] local.INFO: search_term: {"value":null} 
[2025-04-17 07:03:12] local.INFO: search_term: {"value":null} 
[2025-04-17 07:03:51] local.INFO: search_term: {"value":null} 
[2025-04-17 07:03:54] local.INFO: search_term: {"value":null} 
[2025-04-17 07:04:03] local.INFO: search_term: {"value":null} 
[2025-04-17 07:04:19] local.INFO: search_term: {"value":null} 
[2025-04-17 07:04:28] local.INFO: search_term: {"value":"z"} 
[2025-04-17 07:04:28] local.INFO: No Data Found  
[2025-04-17 07:04:33] local.INFO: search_term: {"value":"TNU"} 
[2025-04-17 07:04:40] local.INFO: search_term: {"value":"TNU"} 
[2025-04-17 07:04:48] local.INFO: search_term: {"value":"sdfg"} 
[2025-04-17 07:04:48] local.INFO: No Data Found  
[2025-04-17 07:06:56] local.INFO: search_term: {"value":"sdfg"} 
[2025-04-17 07:06:56] local.INFO: No Data Found  
[2025-04-17 07:16:10] local.INFO: search_term: {"value":null} 
[2025-04-17 07:16:11] local.INFO: search_term: {"value":null} 
[2025-04-17 07:17:08] local.INFO: search_term: {"value":null} 
[2025-04-17 07:17:31] local.INFO: search_term: {"value":null} 
[2025-04-17 07:18:04] local.INFO: search_term: {"value":null} 
[2025-04-17 07:18:34] local.INFO: search_term: {"value":null} 
[2025-04-17 07:19:39] local.INFO: search_term: {"value":null} 
[2025-04-17 07:20:10] local.INFO: search_term: {"value":null} 
[2025-04-17 07:20:34] local.INFO: search_term: {"value":null} 
[2025-04-17 07:20:51] local.INFO: search_term: {"value":null} 
[2025-04-17 07:23:50] local.INFO: search_term: {"value":null} 
[2025-04-17 07:24:45] local.INFO: search_term: {"value":null} 
[2025-04-17 07:26:44] local.INFO: search_term: {"value":null} 
[2025-04-17 07:26:54] local.INFO: search_term: {"value":null} 
[2025-04-17 07:30:08] local.INFO: search_term: {"value":null} 
[2025-04-17 07:30:15] local.INFO: search_term: {"value":null} 
[2025-04-21 09:04:32] local.ERROR: password: e86f78a8a3caf0b60d8e74e5942aa6d86dc150cd3c03338aef25b7d2d7e3acc7  
[2025-04-21 09:04:33] local.ERROR: Account does not exist  
[2025-04-21 09:04:54] local.ERROR: password: e86f78a8a3caf0b60d8e74e5942aa6d86dc150cd3c03338aef25b7d2d7e3acc7  
[2025-04-21 09:04:54] local.INFO: Validated Data: {"email":"admin@gmail.com","password":"e86f78a8a3caf0b60d8e74e5942aa6d86dc150cd3c03338aef25b7d2d7e3acc7"} 
[2025-04-21 09:08:48] local.INFO: search_term: {"value":"TNU"} 
[2025-04-21 09:12:25] local.INFO: search_term: {"value":"TNU2021020100055"} 
[2025-04-21 09:12:32] local.INFO: search_term: {"value":null} 
[2025-04-21 09:12:46] local.INFO: search_term: {"value":null} 
[2025-04-21 09:12:54] local.INFO: search_term: {"value":null} 
[2025-04-21 09:15:38] local.INFO: search_term: {"value":null} 
[2025-04-21 09:26:07] local.INFO: search_term: {"value":null} 
[2025-04-21 09:35:52] local.INFO: search_term: {"value":null} 
[2025-04-21 09:35:55] local.INFO: search_term: {"value":null} 
[2025-04-21 09:37:21] local.INFO: search_term: {"value":null} 
[2025-04-21 09:38:01] local.INFO: search_term: {"value":null} 
[2025-04-21 09:38:24] local.INFO: search_term: {"value":null} 
[2025-04-21 09:39:42] local.INFO: search_term: {"value":null} 
[2025-04-21 09:39:59] local.INFO: search_term: {"value":null} 
[2025-04-21 09:41:06] local.INFO: search_term: {"value":null} 
[2025-04-21 09:41:10] local.INFO: search_term: {"value":null} 
[2025-04-21 09:41:25] local.INFO: search_term: {"value":"kTNU"} 
[2025-04-21 09:41:25] local.INFO: No Data Found  
[2025-04-21 09:41:33] local.INFO: search_term: {"value":null} 
[2025-04-21 09:41:44] local.INFO: search_term: {"value":"TNU2021020200055"} 
[2025-04-21 09:41:44] local.INFO: No Data Found  
[2025-04-21 09:41:51] local.INFO: search_term: {"value":null} 
[2025-04-21 09:42:04] local.INFO: search_term: {"value":null} 
[2025-04-21 09:42:15] local.INFO: search_term: {"value":"ghjk"} 
[2025-04-21 09:42:15] local.INFO: No Data Found  
[2025-04-21 09:42:26] local.INFO: search_term: {"value":null} 
[2025-04-21 09:44:47] local.INFO: search_term: {"value":null} 
[2025-04-21 09:44:53] local.INFO: search_term: {"value":null} 
[2025-04-21 09:44:56] local.INFO: search_term: {"value":null} 
[2025-04-21 09:45:20] local.INFO: search_term: {"value":null} 
[2025-04-21 09:45:34] local.INFO: search_term: {"value":null} 
[2025-04-21 09:45:37] local.INFO: search_term: {"value":null} 
[2025-04-21 09:45:44] local.INFO: search_term: {"value":null} 
[2025-04-21 09:45:53] local.INFO: search_term: {"value":null} 
[2025-04-21 09:49:59] local.INFO: search_term: {"value":null} 
[2025-04-21 09:50:19] local.INFO: search_term: {"value":null} 
[2025-04-21 09:50:27] local.INFO: search_term: {"value":null} 
[2025-04-21 09:52:41] local.INFO: search_term: {"value":null} 
[2025-04-21 09:52:51] local.INFO: search_term: {"value":null} 
[2025-04-21 09:52:56] local.INFO: search_term: {"value":null} 
[2025-04-21 09:53:08] local.INFO: search_term: {"value":null} 
[2025-04-21 09:53:18] local.INFO: search_term: {"value":null} 
[2025-04-21 09:53:24] local.INFO: search_term: {"value":null} 
[2025-04-21 09:53:32] local.INFO: search_term: {"value":"SNU"} 
[2025-04-21 09:53:49] local.INFO: search_term: {"value":"TNU2021020100055"} 
[2025-04-21 09:53:58] local.INFO: search_term: {"value":"Sankar Rajak"} 
[2025-04-21 09:53:58] local.INFO: No Data Found  
[2025-04-21 09:54:29] local.INFO: search_term: {"value":null} 
[2025-04-21 09:54:29] local.INFO: No Data Found  
[2025-04-21 09:54:36] local.INFO: search_term: {"value":null} 
[2025-04-21 09:54:41] local.INFO: search_term: {"value":null} 
[2025-04-21 09:54:46] local.INFO: search_term: {"value":null} 
[2025-04-21 09:54:53] local.INFO: search_term: {"value":null} 
[2025-04-21 09:54:59] local.INFO: search_term: {"value":null} 
[2025-04-21 09:55:04] local.INFO: search_term: {"value":null} 
[2025-04-21 10:45:29] local.INFO: search_term: {"value":null} 
[2025-04-21 10:46:09] local.INFO: search_term: {"value":null} 
[2025-04-21 10:46:13] local.INFO: search_term: {"value":null} 
[2025-04-21 10:47:04] local.INFO: search_term: {"value":null} 
[2025-04-21 10:47:13] local.INFO: search_term: {"value":null} 
[2025-04-21 10:47:18] local.INFO: search_term: {"value":null} 
[2025-04-21 10:47:26] local.INFO: search_term: {"value":null} 
[2025-04-24 04:19:16] local.ERROR: password: e86f78a8a3caf0b60d8e74e5942aa6d86dc150cd3c03338aef25b7d2d7e3acc7  
[2025-04-24 04:19:17] local.INFO: Validated Data: {"email":"admin@gmail.com","password":"e86f78a8a3caf0b60d8e74e5942aa6d86dc150cd3c03338aef25b7d2d7e3acc7"} 
[2025-04-24 04:19:50] local.INFO: search_term: {"value":"The Neotia"} 
[2025-04-24 04:19:56] local.INFO: search_term: {"value":"The"} 
[2025-04-24 04:20:07] local.INFO: search_term: {"value":"West Bengal"} 
[2025-04-24 04:20:14] local.INFO: search_term: {"value":"India"} 
[2025-04-24 04:20:47] local.INFO: search_term: {"value":"Female"} 
[2025-04-24 04:20:51] local.INFO: search_term: {"value":"male"} 
[2025-04-24 04:20:58] local.INFO: search_term: {"value":"t"} 
[2025-04-24 04:21:09] local.INFO: search_term: {"value":"trans"} 
[2025-04-24 04:21:09] local.INFO: No Data Found  
